(Amyda ornata,Palea steindachneri): 0 / 16
(Amyda cartilaginea,Amyda ornata): 0 / 646
(Amyda cartilaginea,Palea steindachneri): 0 / 289
Task [0 -- build_triples] completed processing.
Task 0 -- build_triples end adding task 1 shutdown sentinels.(Amyda ornata,Palea steindachneri): 3 / 16
(Amyda ornata,Palea steindachneri): 3 / 16
(Amyda ornata,Palea steindachneri): 3 / 16
(Amyda ornata,Palea steindachneri): 4 / 16
(Amyda ornata,Palea steindachneri): 5 / 16
(Amyda ornata,Palea steindachneri): 6 / 16
(Amyda ornata,Palea steindachneri): 7 / 16
(Amyda ornata,Palea steindachneri): 8 / 16
(Amyda ornata,Palea steindachneri): 9 / 16
(Amyda ornata,Palea steindachneri): 10 / 16
(Amyda ornata,Palea steindachneri): 11 / 16
(Amyda ornata,Palea steindachneri): 12 / 16
(Amyda ornata,Palea steindachneri): 13 / 16
(Amyda ornata,Palea steindachneri): 14 / 16
(Amyda ornata,Palea steindachneri): 15 / 16
(Amyda ornata,Palea steindachneri): 16 / 16
(Amyda cartilaginea,Amyda ornata): 1 / 646
(Amyda cartilaginea,Amyda ornata): 2 / 646
(Amyda cartilaginea,Amyda ornata): 3 / 646
(Amyda cartilaginea,Amyda ornata): 4 / 646
(Amyda cartilaginea,Amyda ornata): 5 / 646
(Amyda cartilaginea,Amyda ornata): 6 / 646
(Amyda cartilaginea,Amyda ornata): 7 / 646
(Amyda cartilaginea,Amyda ornata): 8 / 646
(Amyda cartilaginea,Amyda ornata): 9 / 646
(Amyda cartilaginea,Amyda ornata): 10 / 646
(Amyda cartilaginea,Amyda ornata): 11 / 646
(Amyda cartilaginea,Amyda ornata): 12 / 646
(Amyda cartilaginea,Amyda ornata): 13 / 646
(Amyda cartilaginea,Amyda ornata): 14 / 646
(Amyda cartilaginea,Amyda ornata): 15 / 646
(Amyda cartilaginea,Amyda ornata): 16 / 646
(Amyda cartilaginea,Amyda ornata): 17 / 646
(Amyda cartilaginea,Amyda ornata): 18 / 646
(Amyda cartilaginea,Amyda ornata): 19 / 646
(Amyda cartilaginea,Amyda ornata): 20 / 646
(Amyda cartilaginea,Amyda ornata): 21 / 646
(Amyda cartilaginea,Amyda ornata): 22 / 646
(Amyda cartilaginea,Amyda ornata): 23 / 646
(Amyda cartilaginea,Amyda ornata): 24 / 646
(Amyda cartilaginea,Amyda ornata): 25 / 646
(Amyda cartilaginea,Amyda ornata): 26 / 646
(Amyda cartilaginea,Amyda ornata): 27 / 646
(Amyda cartilaginea,Amyda ornata): 28 / 646
(Amyda cartilaginea,Amyda ornata): 29 / 646
(Amyda cartilaginea,Amyda ornata): 30 / 646
(Amyda cartilaginea,Amyda ornata): 31 / 646
(Amyda cartilaginea,Amyda ornata): 32 / 646
(Amyda cartilaginea,Amyda ornata): 33 / 646
(Amyda cartilaginea,Amyda ornata): 34 / 646
(Amyda cartilaginea,Amyda ornata): 35 / 646
(Amyda cartilaginea,Amyda ornata): 36 / 646
(Amyda cartilaginea,Amyda ornata): 37 / 646
(Amyda cartilaginea,Amyda ornata): 38 / 646
(Amyda cartilaginea,Amyda ornata): 39 / 646
(Amyda cartilaginea,Amyda ornata): 40 / 646
(Amyda cartilaginea,Amyda ornata): 41 / 646
(Amyda cartilaginea,Amyda ornata): 42 / 646
(Amyda cartilaginea,Amyda ornata): 43 / 646
(Amyda cartilaginea,Amyda ornata): 44 / 646
(Amyda cartilaginea,Amyda ornata): 45 / 646
(Amyda cartilaginea,Amyda ornata): 46 / 646
(Amyda cartilaginea,Amyda ornata): 47 / 646
(Amyda cartilaginea,Amyda ornata): 48 / 646
(Amyda cartilaginea,Amyda ornata): 49 / 646
(Amyda cartilaginea,Amyda ornata): 50 / 646
(Amyda cartilaginea,Amyda ornata): 51 / 646
(Amyda cartilaginea,Amyda ornata): 52 / 646
(Amyda cartilaginea,Amyda ornata): 53 / 646
(Amyda cartilaginea,Amyda ornata): 54 / 646
(Amyda cartilaginea,Amyda ornata): 55 / 646
(Amyda cartilaginea,Amyda ornata): 56 / 646
(Amyda cartilaginea,Amyda ornata): 57 / 646
(Amyda cartilaginea,Amyda ornata): 58 / 646
(Amyda cartilaginea,Amyda ornata): 59 / 646
(Amyda cartilaginea,Amyda ornata): 60 / 646
(Amyda cartilaginea,Amyda ornata): 61 / 646
(Amyda cartilaginea,Amyda ornata): 62 / 646
(Amyda cartilaginea,Amyda ornata): 63 / 646
(Amyda cartilaginea,Amyda ornata): 64 / 646
(Amyda cartilaginea,Amyda ornata): 65 / 646
(Amyda cartilaginea,Amyda ornata): 66 / 646
(Amyda cartilaginea,Amyda ornata): 67 / 646
(Amyda cartilaginea,Amyda ornata): 68 / 646
(Amyda cartilaginea,Amyda ornata): 69 / 646
(Amyda cartilaginea,Amyda ornata): 70 / 646
(Amyda cartilaginea,Amyda ornata): 71 / 646
(Amyda cartilaginea,Amyda ornata): 72 / 646
(Amyda cartilaginea,Amyda ornata): 73 / 646
(Amyda cartilaginea,Amyda ornata): 74 / 646
(Amyda cartilaginea,Amyda ornata): 75 / 646
(Amyda cartilaginea,Amyda ornata): 76 / 646
(Amyda cartilaginea,Amyda ornata): 77 / 646
(Amyda cartilaginea,Amyda ornata): 78 / 646
(Amyda cartilaginea,Amyda ornata): 79 / 646
(Amyda cartilaginea,Amyda ornata): 80 / 646
(Amyda cartilaginea,Amyda ornata): 81 / 646
(Amyda cartilaginea,Amyda ornata): 82 / 646
(Amyda cartilaginea,Amyda ornata): 83 / 646
(Amyda cartilaginea,Amyda ornata): 84 / 646
(Amyda cartilaginea,Amyda ornata): 85 / 646
(Amyda cartilaginea,Amyda ornata): 86 / 646
(Amyda cartilaginea,Amyda ornata): 87 / 646
(Amyda cartilaginea,Amyda ornata): 88 / 646
(Amyda cartilaginea,Amyda ornata): 89 / 646
(Amyda cartilaginea,Amyda ornata): 90 / 646
(Amyda cartilaginea,Amyda ornata): 91 / 646
(Amyda cartilaginea,Amyda ornata): 92 / 646
(Amyda cartilaginea,Amyda ornata): 93 / 646
(Amyda cartilaginea,Amyda ornata): 94 / 646
(Amyda cartilaginea,Amyda ornata): 95 / 646
(Amyda cartilaginea,Amyda ornata): 96 / 646
(Amyda cartilaginea,Amyda ornata): 97 / 646
(Amyda cartilaginea,Amyda ornata): 98 / 646
(Amyda cartilaginea,Amyda ornata): 99 / 646
(Amyda cartilaginea,Amyda ornata): 100 / 646
(Amyda cartilaginea,Amyda ornata): 101 / 646
(Amyda cartilaginea,Amyda ornata): 102 / 646
(Amyda cartilaginea,Amyda ornata): 103 / 646
(Amyda cartilaginea,Amyda ornata): 104 / 646
(Amyda cartilaginea,Amyda ornata): 105 / 646
(Amyda cartilaginea,Amyda ornata): 106 / 646
(Amyda cartilaginea,Amyda ornata): 107 / 646
(Amyda cartilaginea,Amyda ornata): 108 / 646
(Amyda cartilaginea,Amyda ornata): 109 / 646
(Amyda cartilaginea,Amyda ornata): 110 / 646
(Amyda cartilaginea,Amyda ornata): 111 / 646
(Amyda cartilaginea,Amyda ornata): 112 / 646
(Amyda cartilaginea,Amyda ornata): 113 / 646
(Amyda cartilaginea,Amyda ornata): 114 / 646
(Amyda cartilaginea,Amyda ornata): 115 / 646
(Amyda cartilaginea,Amyda ornata): 116 / 646
(Amyda cartilaginea,Amyda ornata): 117 / 646
(Amyda cartilaginea,Amyda ornata): 118 / 646
(Amyda cartilaginea,Amyda ornata): 119 / 646
(Amyda cartilaginea,Amyda ornata): 120 / 646
(Amyda cartilaginea,Amyda ornata): 121 / 646
(Amyda cartilaginea,Amyda ornata): 122 / 646
(Amyda cartilaginea,Amyda ornata): 123 / 646
(Amyda cartilaginea,Amyda ornata): 124 / 646
(Amyda cartilaginea,Amyda ornata): 125 / 646
(Amyda cartilaginea,Amyda ornata): 126 / 646
(Amyda cartilaginea,Amyda ornata): 127 / 646
(Amyda cartilaginea,Amyda ornata): 128 / 646
(Amyda cartilaginea,Amyda ornata): 129 / 646
(Amyda cartilaginea,Amyda ornata): 131 / 646
(Amyda cartilaginea,Amyda ornata): 131 / 646
(Amyda cartilaginea,Amyda ornata): 132 / 646
(Amyda cartilaginea,Amyda ornata): 133 / 646
(Amyda cartilaginea,Amyda ornata): 134 / 646
(Amyda cartilaginea,Amyda ornata): 135 / 646
(Amyda cartilaginea,Amyda ornata): 136 / 646
(Amyda cartilaginea,Amyda ornata): 137 / 646
(Amyda cartilaginea,Amyda ornata): 138 / 646
(Amyda cartilaginea,Amyda ornata): 139 / 646
(Amyda cartilaginea,Amyda ornata): 140 / 646
(Amyda cartilaginea,Amyda ornata): 141 / 646
(Amyda cartilaginea,Amyda ornata): 142 / 646
(Amyda cartilaginea,Amyda ornata): 144 / 646
(Amyda cartilaginea,Amyda ornata): 144 / 646
(Amyda cartilaginea,Amyda ornata): 145 / 646
(Amyda cartilaginea,Amyda ornata): 146 / 646
(Amyda cartilaginea,Amyda ornata): 147 / 646
(Amyda cartilaginea,Amyda ornata): 148 / 646
(Amyda cartilaginea,Amyda ornata): 149 / 646
(Amyda cartilaginea,Amyda ornata): 150 / 646
(Amyda cartilaginea,Amyda ornata): 151 / 646
(Amyda cartilaginea,Amyda ornata): 152 / 646
(Amyda cartilaginea,Amyda ornata): 153 / 646
(Amyda cartilaginea,Amyda ornata): 154 / 646
(Amyda cartilaginea,Amyda ornata): 155 / 646
(Amyda cartilaginea,Amyda ornata): 156 / 646
(Amyda cartilaginea,Amyda ornata): 157 / 646
(Amyda cartilaginea,Amyda ornata): 158 / 646
(Amyda cartilaginea,Amyda ornata): 159 / 646
(Amyda cartilaginea,Amyda ornata): 160 / 646
(Amyda cartilaginea,Amyda ornata): 161 / 646
(Amyda cartilaginea,Amyda ornata): 162 / 646
(Amyda cartilaginea,Amyda ornata): 163 / 646
(Amyda cartilaginea,AmydaFound potential hybrid: [LM537490,AY743417,LM537478]
Found potential hybrid: [LM537482,AY743417,LM537478]
Found potential hybrid: [LM537462,LM537478,AY743417]
Found potential hybrid: [AY259552,LM537478,AY743417]
Found potential hybrid: [AY259552,LM537490,AY743417]
Found potential hybrid: [AY259552,LM537482,AY743417]
Found potential hybrid: [AY259552,LM537462,AY743417]
Found potential hybrid: [LM537490,LM537485,LM537482]
Found potential hybrid: [LM537490,LM537484,LM537482]
Found potential hybrid: [LM537490,LM537483,LM537482]
Found potential hybrid: [LM537478,LM537490,LM537485]
Found potential hybrid: [LM537478,LM537490,LM537484]
Found potential hybrid: [LM537478,LM537490,LM537483]
Found potential hybrid: [LM537490,LM537478,LM537480]
Found potential hybrid: [LM537490,LM537467,LM537478]
Found potential hybrid: [LM537490,LM537478,LM537466]
Found potential hybrid: [LM537490,LM537465,LM537478]
Found potential hybrid: [LM537478,LM537490,LM537464]
Found potential hybrid: [LM537478,LM537490,LM537463]
Found potential hybrid: [LM537490,JN232534,LM537478]
Found potential hybrid: [LM537490,AY259550,LM537478]
Found potential hybrid: [LM537462,LM537490,LM537485]
Found potential hybrid: [LM537462,LM537490,LM537484]
Found potential hybrid: [LM537462,LM537490,LM537483]
Found potential hybrid: [LM537490,LM537464,LM537462]
Found potential hybrid: [LM537490,LM537463,LM537462]
Found potential hybrid: [LM537482,LM537478,LM537492]
Found potential hybrid: [LM537478,LM537485,LM537482]
Found potential hybrid: [LM537478,LM537484,LM537482]
Found potential hybrid: [LM537478,LM537483,LM537482]
Found potential hybrid: [LM537482,LM537478,LM537481]
Found potential hybrid: [LM537482,LM537478,LM537480]
Found potential hybrid: [LM537482,LM537478,LM537476]
Found potential hybrid: [LM537482,LM537467,LM537478]
Found potential hybrid: [LM537482,LM537478,LM537466]
Found potential hybrid: [LM537482,LM537465,LM537478]
Found potential hybrid: [LM537482,JN232534,LM537478]
Found potential hybrid: [LM537478,LM537482,LM537463]
Found potential hybrid: [LM537478,LM537482,LM537464]
Found potential hybrid: [LM537482,AY259550,LM537478]
Found potential hybrid: [LM537462,LM537485,LM537482]
Found potential hybrid: [LM537462,LM537484,LM537482]
Found potential hybrid: [LM537462,LM537483,LM537482]
Found potential hybrid: [LM537482,LM537464,LM537462]
Found potential hybrid: [LM537482,LM537463,LM537462]
Found potential hybrid: [LM537478,LM537485,LM537462]
Found potential hybrid: [LM537478,LM537483,LM537462]
Found potential hybrid: [LM537478,LM537484,LM537462]
Found potential hybrid: [LM537462,LM537467,LM537478]
Found potential hybrid: [LM537462,LM537465,LM537478]
Found potential hybrid: [LM537478,LM537464,LM537462]
Found potential hybrid: [LM537462,LM537466,LM537478]
Found potential hybrid: [LM537478,LM537463,LM537462]
Found potential hybrid: [LM537462,JN232534,LM537478]
Found potential hybrid: [LM537462,AY259550,LM537478]
Found potential hybrid: [LM537494,LM537490,LM537485]
Found potential hybrid: [LM537494,LM537482,LM537485]
Found potential hybrid: [LM537494,LM537478,LM537485]
Found potential hybrid: [LM537494,LM537462,LM537485]
Found potential hybrid: [LM537494,LM537490,LM537484]
Found potential hybrid: [LM537494,LM537482,LM537484]
Found potential hybrid: [LM537494,LM537478,LM537484]
Found potential hybrid: [LM537494,LM537462,LM537484]
Found potential hybrid: [LM537494,LM537490,LM537483]
Found potential hybrid: [LM537494,LM537482,LM537483]
Found potential hybrid: [LM537494,LM537462,LM537483]
Found potential hybrid: [LM537494,LM537478,LM537483]
Found potential hybrid: [LM537494,LM537467,LM537490]
Found potential hybrid: [LM537494,LM537467,LM537478]
Found potential hybrid: [LM537494,LM537467,LM537462]
Found potential hybrid: [LM537494,LM537466,LM537490]
Found potential hybrid: [LM537494,LM537466,LM537482]
Found potential hybrid: [LM537494,LM537478,LM537466]
Found potential hybrid: [LM537494,LM537466,LM537462]
Found potential hybrid: [LM537494,LM537465,LM537478]
Found potential hybrid: [LM537494,LM537465,LM537462]
Found potential hybrid: [LM537494,LM537464,LM537490]
Found potential hybrid: [LM537494,LM537464,LM537482]
Found potential hybrid: [LM537494,LM537463,LM537482]
Found potential hybrid: [LM537494,LM537462,LM537464]
Found potential hybrid: [LM537494,LM537463,LM537490]
Found potential hybrid: [LM537494,LM537478,LM537464]
Found potential hybrid: [LM537494,LM537462,LM537463]
Found potential hybrid: [LM537494,LM537478,LM537463]
Found potential hybrid: [LM537494,JN232534,LM537478]
Found potential hybrid: [LM537494,AY259550,LM537478]
Found potential hybrid: [LM537494,AY259550,LM537462]
Found potential hybrid: [LM537493,LM537490,LM537485]
Found potential hybrid: [LM537493,LM537482,LM537485]
Found potential hybrid: [LM537493,LM537478,LM537485]
Found potential hybrid: [LM537493,LM537462,LM537485]
Found potential hybrid: [LM537493,LM537482,LM537484]
Found potential hybrid: [LM537493,LM537490,LM537484]
Found potential hybrid: [LM537493,LM537478,LM537484]
Found potential hybrid: [LM537493,LM537462,LM537484]
Found potential hybrid: [LM537493,LM537490,LM537483]
Found potential hybrid: [LM537493,LM537482,LM537483]
Found potential hybrid: [LM537493,LM537478,LM537483]
Found potential hybrid: [LM537493,LM537462,LM537483]
Found potential hybrid: [LM537493,LM537467,LM537490]
Found potential hybrid: [LM537493,LM537467,LM537478]
Found potential hybrid: [LM537493,LM537467,LM537462]
Found potential hybrid: [LM537493,LM537466,LM537490]
Found potential hybrid: [LM537493,LM537466,LM537482]
Found potential hybrid: [LM537493,LM537478,LM537466]
Found potential hybrid: [LM537493,LM537466,LM537462]
Found potential hybrid: [LM537493,LM537465,LM537478]
Found potential hybrid: [LM537493,LM537465,LM537462]
Found potential hybrid: [LM537493,LM537464,LM537490]
Found potential hybrid: [LM537493,LM537464,LM537482]
Found potential hybrid: [LM537493,LM537478,LM537464]
Found potential hybrid: [LM537493,LM537462,LM537464]
Found potential hybrid: [LM537493,LM537463,LM537482]
Found potential hybrid: [LM537493,LM537463,LM537490]
Found potential hybrid: [LM537493,LM537478,LM537463]
Found potential hybrid: [LM537493,LM537462,LM537463]
Found potential hybrid: [LM537493,JN232534,LM537478]
Found potential hybrid: [LM537493,AY259550,LM537478]
Found potential hybrid: [LM537493,AY259550,LM537462]
Found potential hybrid: [LM537492,LM537482,LM537485]
Found potential hybrid: [LM537492,LM537490,LM537485]
Found potential hybrid: [LM537485,LM537478,LM537492]
Found potential hybrid: [LM537492,LM537462,LM537485]
Found potential hybrid: [LM537492,LM537490,LM537484]
Found potential hybrid: [LM537492,LM537482,LM537484]
Found potential hybrid: [LM537484,LM537478,LM537492]
Found potential hybrid: [LM537492,LM537462,LM537484]
Found potential hybrid: [LM537492,LM537490,LM537483]
Found potential hybrid: [LM537492,LM537482,LM537483]
Found potential hybrid: [LM537492,LM537462,LM537483]
Found potential hybrid: [LM537483,LM537478,LM537492]
Found potential hybrid: [LM537492,LM537467,LM537478]
Found potential hybrid: [LM537492,LM537467,LM537462]
Found potential hybrid: [LM537492,LM537466,LM537490]
Found potential hybrid: [LM537492,LM537466,LM537482]
Found potential hybrid: [LM537492,LM537478,LM537466]
Found potential hybrid: [LM537492,LM537466,LM537462]
Found potential hybrid: [LM537492,LM537464,LM537490]
Found potential hybrid: [LM537492,LM537465,LM537462]
Found potential hybrid: [LM537492,LM537464,LM537482]
Found potential hybrid: [LM537492,LM537465,LM537478]
Found potential hybrid: [LM537492,LM537462,LM537464]
Found potential hybrid: [LM537492,LM537478,LM537464]
Found potential hybrid: [LM537492,LM537463,LM537482]
Found potential hybrid: [LM537492,LM537463,LM537490]
Found potential hybrid: [LM537492,LM537478,LM537463]
Found potential hybrid: [LM537492,LM537462,LM537463]
Found potential hybrid: [LM537492,JN232534,LM537478]
Found potential hybrid: [LM537492,AY259550,LM537478]
Found potential hybrid: [LM537492,AY259550,LM537462]
Found potential hybrid: [LM537491,LM537490,LM537485]
Found potential hybrid: [LM537491,LM537482,LM537485]
Found potential hybrid: [LM537491,LM537478,LM537485]
Found potential hybrid: [LM537491,LM537462,LM537485]
Found potential hybrid: [LM537 ornata): 164 / 646
(Amyda cartilaginea,Amyda ornata): 165 / 646
(Amyda cartilaginea,Amyda ornata): 166 / 646
(Amyda cartilaginea,Amyda ornata): 167 / 646
(Amyda cartilaginea,Amyda ornata): 168 / 646
(Amyda cartilaginea,Amyda ornata): 169 / 646
(Amyda cartilaginea,Amyda ornata): 170 / 646
(Amyda cartilaginea,Amyda ornata): 171 / 646
(Amyda cartilaginea,Amyda ornata): 172 / 646
(Amyda cartilaginea,Amyda ornata): 173 / 646
(Amyda cartilaginea,Amyda ornata): 174 / 646
(Amyda cartilaginea,Amyda ornata): 175 / 646
(Amyda cartilaginea,Amyda ornata): 176 / 646
(Amyda cartilaginea,Amyda ornata): 177 / 646
(Amyda cartilaginea,Amyda ornata): 178 / 646
(Amyda cartilaginea,Amyda ornata): 179 / 646
(Amyda cartilaginea,Amyda ornata): 180 / 646
(Amyda cartilaginea,Amyda ornata): 181 / 646
(Amyda cartilaginea,Amyda ornata): 182 / 646
(Amyda cartilaginea,Amyda ornata): 183 / 646
(Amyda cartilaginea,Amyda ornata): 184 / 646
(Amyda cartilaginea,Amyda ornata): 185 / 646
(Amyda cartilaginea,Amyda ornata): 186 / 646
(Amyda cartilaginea,Amyda ornata): 187 / 646
(Amyda cartilaginea,Amyda ornata): 188 / 646
(Amyda cartilaginea,Amyda ornata): 190 / 646
(Amyda cartilaginea,Amyda ornata): 190 / 646
(Amyda cartilaginea,Amyda ornata): 191 / 646
(Amyda cartilaginea,Amyda ornata): 192 / 646
(Amyda cartilaginea,Amyda ornata): 193 / 646
(Amyda cartilaginea,Amyda ornata): 194 / 646
(Amyda cartilaginea,Amyda ornata): 195 / 646
(Amyda cartilaginea,Amyda ornata): 196 / 646
(Amyda cartilaginea,Amyda ornata): 197 / 646
(Amyda cartilaginea,Amyda ornata): 198 / 646
(Amyda cartilaginea,Amyda ornata): 199 / 646
(Amyda cartilaginea,Amyda ornata): 200 / 646
(Amyda cartilaginea,Amyda ornata): 201 / 646
(Amyda cartilaginea,Amyda ornata): 202 / 646
(Amyda cartilaginea,Amyda ornata): 203 / 646
(Amyda cartilaginea,Amyda ornata): 204 / 646
(Amyda cartilaginea,Amyda ornata): 205 / 646
(Amyda cartilaginea,Amyda ornata): 206 / 646
(Amyda cartilaginea,Amyda ornata): 207 / 646
(Amyda cartilaginea,Amyda ornata): 208 / 646
(Amyda cartilaginea,Amyda ornata): 209 / 646
(Amyda cartilaginea,Amyda ornata): 210 / 646
(Amyda cartilaginea,Amyda ornata): 211 / 646
(Amyda cartilaginea,Amyda ornata): 212 / 646
(Amyda cartilaginea,Amyda ornata): 213 / 646
(Amyda cartilaginea,Amyda ornata): 214 / 646
(Amyda cartilaginea,Amyda ornata): 215 / 646
(Amyda cartilaginea,Amyda ornata): 216 / 646
(Amyda cartilaginea,Amyda ornata): 217 / 646
(Amyda cartilaginea,Amyda ornata): 218 / 646
(Amyda cartilaginea,Amyda ornata): 219 / 646
(Amyda cartilaginea,Amyda ornata): 220 / 646
(Amyda cartilaginea,Amyda ornata): 221 / 646
(Amyda cartilaginea,Amyda ornata): 222 / 646
(Amyda cartilaginea,Amyda ornata): 223 / 646
(Amyda cartilaginea,Amyda ornata): 224 / 646
(Amyda cartilaginea,Amyda ornata): 225 / 646
(Amyda cartilaginea,Amyda ornata): 226 / 646
(Amyda cartilaginea,Amyda ornata): 227 / 646
(Amyda cartilaginea,Amyda ornata): 228 / 646
(Amyda cartilaginea,Amyda ornata): 229 / 646
(Amyda cartilaginea,Amyda ornata): 230 / 646
(Amyda cartilaginea,Amyda ornata): 231 / 646
(Amyda cartilaginea,Amyda ornata): 232 / 646
(Amyda cartilaginea,Amyda ornata): 233 / 646
(Amyda cartilaginea,Amyda ornata): 234 / 646
(Amyda cartilaginea,Amyda ornata): 235 / 646
(Amyda cartilaginea,Amyda ornata): 236 / 646
(Amyda cartilaginea,Amyda ornata): 237 / 646
(Amyda cartilaginea,Amyda ornata): 238 / 646
(Amyda cartilaginea,Amyda ornata): 239 / 646
(Amyda cartilaginea,Amyda ornata): 240 / 646
(Amyda cartilaginea,Amyda ornata): 241 / 646
(Amyda cartilaginea,Amyda ornata): 242 / 646
(Amyda cartilaginea,Amyda ornata): 243 / 646
(Amyda cartilaginea,Amyda ornata): 244 / 646
(Amyda cartilaginea,Amyda ornata): 245 / 646
(Amyda cartilaginea,Amyda ornata): 246 / 646
(Amyda cartilaginea,Amyda ornata): 247 / 646
(Amyda cartilaginea,Amyda ornata): 248 / 646
(Amyda cartilaginea,Amyda ornata): 249 / 646
(Amyda cartilaginea,Amyda ornata): 250 / 646
(Amyda cartilaginea,Amyda ornata): 251 / 646
(Amyda cartilaginea,Amyda ornata): 252 / 646
(Amyda cartilaginea,Amyda ornata): 253 / 646
(Amyda cartilaginea,Amyda ornata): 254 / 646
(Amyda cartilaginea,Amyda ornata): 255 / 646
(Amyda cartilaginea,Amyda ornata): 256 / 646
(Amyda cartilaginea,Amyda ornata): 257 / 646
(Amyda cartilaginea,Amyda ornata): 258 / 646
(Amyda cartilaginea,Amyda ornata): 259 / 646
(Amyda cartilaginea,Amyda ornata): 260 / 646
(Amyda cartilaginea,Amyda ornata): 261 / 646
(Amyda cartilaginea,Amyda ornata): 262 / 646
(Amyda cartilaginea,Amyda ornata): 263 / 646
(Amyda cartilaginea,Amyda ornata): 264 / 646
(Amyda cartilaginea,Amyda ornata): 265 / 646
(Amyda cartilaginea,Amyda ornata): 266 / 646
(Amyda cartilaginea,Amyda ornata): 267 / 646
(Amyda cartilaginea,Amyda ornata): 268 / 646
(Amyda cartilaginea,Amyda ornata): 269 / 646
(Amyda cartilaginea,Amyda ornata): 270 / 646
(Amyda cartilaginea,Amyda ornata): 271 / 646
(Amyda cartilaginea,Amyda ornata): 272 / 646
(Amyda cartilaginea,Amyda ornata): 273 / 646
(Amyda cartilaginea,Amyda ornata): 274 / 646
(Amyda cartilaginea,Amyda ornata): 275 / 646
(Amyda cartilaginea,Amyda ornata): 276 / 646
(Amyda cartilaginea,Amyda ornata): 277 / 646
(Amyda cartilaginea,Amyda ornata): 278 / 646
(Amyda cartilaginea,Amyda ornata): 279 / 646
(Amyda cartilaginea,Amyda ornata): 280 / 646
(Amyda cartilaginea,Amyda ornata): 281 / 646
(Amyda cartilaginea,Amyda ornata): 282 / 646
(Amyda cartilaginea,Amyda ornata): 283 / 646
(Amyda cartilaginea,Amyda ornata): 284 / 646
(Amyda cartilaginea,Amyda ornata): 285 / 646
(Amyda cartilaginea,Amyda ornata): 286 / 646
(Amyda cartilaginea,Amyda ornata): 287 / 646
(Amyda cartilaginea,Amyda ornata): 288 / 646
(Amyda cartilaginea,Amyda ornata): 289 / 646
(Amyda cartilaginea,Amyda ornata): 290 / 646
(Amyda cartilaginea,Amyda ornata): 291 / 646
(Amyda cartilaginea,Amyda ornata): 292 / 646
(Amyda cartilaginea,Amyda ornata): 293 / 646
(Amyda cartilaginea,Amyda ornata): 294 / 646
(Amyda cartilaginea,Amyda ornata): 295 / 646
(Amyda cartilaginea,Amyda ornata): 296 / 646
(Amyda cartilaginea,Amyda ornata): 297 / 646
(Amyda cartilaginea,Amyda ornata): 298 / 646
(Amyda cartilaginea,Amyda ornata): 299 / 646
(Amyda cartilaginea,Amyda ornata): 300 / 646
(Amyda cartilaginea,Amyda ornata): 301 / 646
(Amyda cartilaginea,Amyda ornata): 302 / 646
(Amyda cartilaginea,Amyda ornata): 303 / 646
(Amyda cartilaginea,Amyda ornata): 304 / 646
(Amyda cartilaginea,Amyda ornata): 305 / 646
(Amyda cartilaginea,Amyda ornata): 306 / 646
(Amyda cartilaginea,Amyda ornata): 307 / 646
(Amyda cartilaginea,Amyda ornata): 308 / 646
(Amyda cartilaginea,Amyda ornata): 309 / 646
(Amyda cartilaginea,Amyda ornata): 310 / 646
(Amyda cartilaginea,Amyda ornata): 311 / 646
(Amyda cartilaginea,Amyda ornata): 312 / 646
(Amyda cartilaginea,Amyda ornata): 313 / 646
(Amyda cartilaginea,Amyda ornata): 314 / 646
(Amyda cartilaginea,Amyda ornata): 315 / 646
(Amyda cartilaginea,Amyda ornata): 316 / 646
(Amyda cartilaginea,Amyda ornata): 317 / 646
(Amyda cartilaginea,Amyda ornata): 318 / 646
(Amyda cartilaginea,Amyda ornata): 319 / 646
(Amyda cartilaginea,Amyda ornata): 320 / 646
(Amyda cartilaginea,Amyda ornata): 321 / 646
(Amyda cartilaginea,Amyda ornata): 322 / 646
(Amyda cartilaginea,Amyda ornata): 323 / 646
(Amyda cartilaginea,Amyda ornata): 324 / 646
(Amyda cartilaginea,Amyda ornata): 325 / 646
(Amyda cartilaginea,Amyda ornata): 326 / 646
(Amyda cartilaginea,Amyda ornata): 327 / 646
(Amyda cartilaginea,Amyda ornata): 328 / 646
(Amyda cartilaginea,Amyda ornata): 329 / 646
(Amyda cartilaginea,Amyda ornata): 330 / 646
(Amyda cartilaginea,Amyda ornata): 331 / 646
(Amyda cartilaginea,Amyda ornata): 332 / 646
(Amyda cartilaginea,Amyda ornata): 333 / 646
(Amyda cartilaginea,Amyda ornata): 334 / 646
(Amyda cartilaginea,Amyda ornata): 335 / 646
(Amyda cartilaginea,Amyda ornata): 336 / 646
(Amyda cartilaginea,Amyda ornata): 337 / 646
(Amyda cartilaginea,Amyda ornata): 338 / 646
(Amyda cartilaginea,Amyda ornata): 339 / 646
(Amyda cartilaginea,Amyda ornata): 340 / 646
(Amyda cartilaginea,Amyda ornata): 341 / 646
(Amyda cartilaginea,Amyda ornata): 342 / 646
(Amyda cartilaginea,Amyda ornata): 343 / 646
(Amyda cartilaginea,Amyda ornata): 344 / 646
(Amyda cartilaginea,Amyda ornata): 345 / 646
(Amyda cartilaginea,Amyda o