between:Lepus mandshuricus,Lepus timidus
hinge:(AB687529,HM232994)
frame:Lepus mandshuricus:[HM233091,AB687529,HM232994],[HM233090,AB687529,HM232994],[HM233089,AB687529,HM232994],[HM233088,AB687529,HM232994],[HM233077,AB687529,HM232994],[HM233014,AB687529,HM232994],[HM233011,AB687529,HM232994],[HM233010,AB687529,HM232994],[DQ793161,HM232994,AB687529],
frame:Lepus timidus:[HM233091,AB687529,HM232994],[HM233090,AB687529,HM232994],
hinge:(AB687525,HM232994)
frame:Lepus mandshuricus:[HM233091,AB687525,HM232994],[HM233090,AB687525,HM232994],[HM233089,AB687525,HM232994],[HM233088,AB687525,HM232994],[HM233077,AB687525,HM232994],[HM233014,HM232994,AB687525],[HM233011,HM232994,AB687525],[HM233010,HM232994,AB687525],[DQ793161,HM232994,AB687525],
frame:Lepus timidus:[HM233091,AB687525,HM232994],[HM233090,AB687525,HM232994],
hinge:(AB687526,HM233010)
frame:Lepus mandshuricus:[HM233091,AB687526,HM233010],[HM233090,AB687526,HM233010],[HM233089,AB687526,HM233010],[HM233088,AB687526,HM233010],[HM233077,AB687526,HM233010],[HM233014,AB687526,HM233010],[DQ793161,AB687526,HM233010],
frame:Lepus timidus:[HM233091,AB687526,HM233010],[HM233090,AB687526,HM233010],
hinge:(AB687526,HM232994)
frame:Lepus mandshuricus:[HM233091,AB687526,HM232994],[HM233090,AB687526,HM232994],[HM233089,AB687526,HM232994],[HM233088,AB687526,HM232994],[HM233077,AB687526,HM232994],[HM233014,AB687526,HM232994],[HM233011,AB687526,HM232994],[HM233010,AB687526,HM232994],[DQ793161,AB687526,HM232994],
frame:Lepus timidus:[HM233091,AB687526,HM232994],[HM233090,AB687526,HM232994],
hinge:(AB687530,HM232992)
frame:Lepus mandshuricus:[HM233091,AB687530,HM232992],[HM233090,AB687530,HM232992],[HM233089,AB687530,HM232992],[HM233088,AB687530,HM232992],[HM233077,AB687530,HM232992],[HM233014,AB687530,HM232992],[HM233011,AB687530,HM232992],[HM233010,AB687530,HM232992],[DQ793161,AB687530,HM232992],
frame:Lepus timidus:[HM233091,AB687530,HM232992],[HM233090,AB687530,HM232992],
hinge:(AB687527,HM232992)
frame:Lepus mandshuricus:[HM233091,AB687527,HM232992],[HM233090,AB687527,HM232992],[HM233089,AB687527,HM232992],[HM233088,AB687527,HM232992],[HM233077,AB687527,HM232992],[HM233014,AB687527,HM232992],[HM233011,AB687527,HM232992],[HM233010,AB687527,HM232992],[DQ793161,AB687527,HM232992],
frame:Lepus timidus:[HM233091,AB687527,HM232992],[HM233090,AB687527,HM232992],
hinge:(AB687530,HM232995)
frame:Lepus mandshuricus:[HM233091,AB687530,HM232995],[HM233090,AB687530,HM232995],[HM233089,AB687530,HM232995],[HM233088,AB687530,HM232995],[HM233077,AB687530,HM232995],[HM233014,AB687530,HM232995],[HM233011,AB687530,HM232995],[HM233010,AB687530,HM232995],[DQ793161,AB687530,HM232995],
frame:Lepus timidus:[HM233091,AB687530,HM232995],[HM233090,AB687530,HM232995],
hinge:(AB687527,HM233010)
frame:Lepus mandshuricus:[HM233091,AB687527,HM233010],[HM233090,AB687527,HM233010],[HM233089,AB687527,HM233010],[HM233088,AB687527,HM233010],[HM233077,AB687527,HM233010],[HM233014,AB687527,HM233010],[DQ793161,AB687527,HM233010],
frame:Lepus timidus:[HM233091,AB687527,HM233010],[HM233090,AB687527,HM233010],
hinge:(AB687526,HM232991)
frame:Lepus mandshuricus:[HM233091,AB687526,HM232991],[HM233090,AB687526,HM232991],[HM233089,AB687526,HM232991],[HM233088,AB687526,HM232991],[HM233077,AB687526,HM232991],[HM233014,AB687526,HM232991],[HM233011,AB687526,HM232991],[HM233010,AB687526,HM232991],[DQ793161,AB687526,HM232991],
frame:Lepus timidus:[HM233091,AB687526,HM232991],[HM233090,AB687526,HM232991],
hinge:(AB687527,HM232996)
frame:Lepus mandshuricus:[HM233091,AB687527,HM232996],[HM233090,AB687527,HM232996],[HM233089,AB687527,HM232996],[HM233088,AB687527,HM232996],[HM233077,AB687527,HM232996],[HM233014,AB687527,HM232996],[HM233011,AB687527,HM232996],[HM233010,AB687527,HM232996],[DQ793161,AB687527,HM232996],
frame:Lepus timidus:[HM233091,AB687527,HM232996],[HM233090,AB687527,HM232996],
hinge:(AB687526,HM232996)
frame:Lepus mandshuricus:[HM233091,AB687526,HM232996],[HM233090,AB687526,HM232996],[HM233089,AB687526,HM232996],[HM233088,AB687526,HM232996],[HM233077,AB687526,HM232996],[HM233014,AB687526,HM232996],[HM233011,AB687526,HM232996],[HM233010,AB687526,HM232996],[DQ793161,AB687526,HM232996],
frame:Lepus timidus:[HM233091,AB687526,HM232996],[HM233090,AB687526,HM232996],
hinge:(AB687527,HM232993)
frame:Lepus mandshuricus:[HM233091,AB687527,HM232993],[HM233090,AB687527,HM232993],[HM233089,AB687527,HM232993],[HM233088,AB687527,HM232993],[HM233077,AB687527,HM232993],[HM233014,AB687527,HM232993],[HM233011,AB687527,HM232993],[HM233010,AB687527,HM232993],[DQ793161,AB687527,HM232993],
frame:Lepus timidus:[HM233091,AB687527,HM232993],[HM233090,AB687527,HM232993],
hinge:(AB687527,HM232991)
frame:Lepus mandshuricus:[HM233091,AB687527,HM232991],[HM233090,AB687527,HM232991],[HM233089,AB687527,HM232991],[HM233088,AB687527,HM232991],[HM233077,AB687527,HM232991],[HM233014,AB687527,HM232991],[HM233011,AB687527,HM232991],[HM233010,AB687527,HM232991],[DQ793161,AB687527,HM232991],
frame:Lepus timidus:[HM233091,AB687527,HM232991],[HM233090,AB687527,HM232991],
hinge:(AB687526,HM232995)
frame:Lepus mandshuricus:[HM233091,AB687526,HM232995],[HM233090,AB687526,HM232995],[HM233089,AB687526,HM232995],[HM233088,AB687526,HM232995],[HM233077,AB687526,HM232995],[HM233014,AB687526,HM232995],[HM233011,AB687526,HM232995],[HM233010,AB687526,HM232995],[DQ793161,AB687526,HM232995],
frame:Lepus timidus:[HM233091,AB687526,HM232995],[HM233090,AB687526,HM232995],
hinge:(AB687525,HM233014)
frame:Lepus mandshuricus:[HM233091,AB687525,HM233014],[HM233090,AB687525,HM233014],[HM233089,AB687525,HM233014],[HM233088,AB687525,HM233014],[HM233077,AB687525,HM233014],[DQ793161,AB687525,HM233014],
frame:Lepus timidus:[HM233091,AB687525,HM233014],[HM233090,AB687525,HM233014],
hinge:(AB687528,HM232993)
frame:Lepus mandshuricus:[HM233091,AB687528,HM232993],[HM233090,AB687528,HM232993],[HM233089,AB687528,HM232993],[HM233088,AB687528,HM232993],[HM233077,AB687528,HM232993],[HM233014,AB687528,HM232993],[HM233011,AB687528,HM232993],[HM233010,AB687528,HM232993],[DQ793161,AB687528,HM232993],
frame:Lepus timidus:[HM233091,AB687528,HM232993],[HM233090,AB687528,HM232993],
hinge:(AB687527,HM233014)
frame:Lepus mandshuricus:[HM233091,AB687527,HM233014],[HM233090,AB687527,HM233014],[HM233089,AB687527,HM233014],[HM233088,AB687527,HM233014],[HM233077,AB687527,HM233014],[DQ793161,AB687527,HM233014],
frame:Lepus timidus:[HM233091,AB687527,HM233014],[HM233090,AB687527,HM233014],
hinge:(AB687529,HM232991)
frame:Lepus mandshuricus:[HM233091,AB687529,HM232991],[HM233090,AB687529,HM232991],[HM233089,AB687529,HM232991],[HM233088,AB687529,HM232991],[HM233077,AB687529,HM232991],[HM233014,AB687529,HM232991],[HM233011,AB687529,HM232991],[HM233010,AB687529,HM232991],[DQ793161,AB687529,HM232991],
frame:Lepus timidus:[HM233091,AB687529,HM232991],[HM233090,AB687529,HM232991],
hinge:(AB687525,HM232992)
frame:Lepus mandshuricus:[HM233091,AB687525,HM232992],[HM233090,AB687525,HM232992],[HM233089,AB687525,HM232992],[HM233088,AB687525,HM232992],[HM233077,AB687525,HM232992],[HM233014,HM232992,AB687525],[HM233011,HM232992,AB687525],[HM233010,HM232992,AB687525],[DQ793161,HM232992,AB687525],
frame:Lepus timidus:[HM233091,AB687525,HM232992],[HM233090,AB687525,HM232992],
hinge:(AB687525,HM232996)
frame:Lepus mandshuricus:[HM233091,AB687525,HM232996],[HM233090,AB687525,HM232996],[HM233089,AB687525,HM232996],[HM233088,AB687525,HM232996],[HM233077,AB687525,HM232996],[HM233014,HM232996,AB687525],[HM233011,HM232996,AB687525],[HM233010,HM232996,AB687525],[DQ793161,HM232996,AB687525],
frame:Lepus timidus:[HM233091,AB687525,HM232996],[HM233090,AB687525,HM232996],
hinge:(AB687528,HM232995)
frame:Lepus mandshuricus:[HM233091,AB687528,HM232995],[HM233090,AB687528,HM232995],[HM233089,AB687528,HM232995],[HM233088,AB687528,HM232995],[HM233077,AB687528,HM232995],[HM233014,AB687528,HM232995],[HM233011,AB687528,HM232995],[HM233010,AB687528,HM232995],[DQ793161,AB687528,HM232995],
frame:Lepus timidus:[HM233091,AB687528,HM232995],[HM233090,AB687528,HM232995],
hinge:(AB687528,HM233014)
frame:Lepus mandshuricus:[HM233091,AB687528,HM233014],[HM233090,AB687528,HM233014],[HM233089,AB687528,HM233014],[HM233088,AB687528,HM233014],[HM233077,AB687528,HM233014],[DQ793161,AB687528,HM233014],
frame:Lepus timidus:[HM233091,AB687528,HM233014],[HM233090,AB687528,HM233014],
hinge:(AB687530,HM232996)
frame:Lepus mandshuricus:[HM233091,AB687530,HM232996],[HM233090,AB687530,HM232996],[HM233089,AB687530,HM232996],[HM233088,AB687530,HM232996],[HM233077,AB687530,HM232996],[HM233014,AB687530,HM232996],[HM233011,AB687530,HM232996],[HM233010,AB687530,HM232996],[DQ793161,AB687530,HM232996],
frame:Lepus timidus:[HM233091,AB687530,HM232996],[HM233090,AB687530,HM232996],
hinge:(AB687529,HM232993)
frame:Lepus mandshuricus:[HM233091,AB687529,HM232993],[HM233090,AB687529,HM232993],[HM233089,AB687529,HM232993],[HM233088,AB687529,HM232993],[HM233077,AB687529,HM232993],[HM233014,AB687529,HM232993],[HM233011,AB687529,HM232993],[HM233010,AB687529,HM232993],[DQ793161,HM232993,AB687529],
frame:Lepus timidus:[HM233091,AB687529,HM232993],[HM233090,AB687529,HM232993],
hinge:(AB687530,HM232993)
frame:Lepus mandshuricus:[HM233091,AB687530,HM232993],[HM233090,AB687530,HM232993],[HM233089,AB687530,HM232993],[HM233088,AB687530,HM232993],[HM233077,AB687530,HM232993],[HM233014,AB687530,HM232993],[HM233011,AB687530,HM232993],[HM233010,AB687530,HM232993],[DQ793161,AB687530,HM232993],
frame:Lepus timidus:[HM233091,AB687530,HM232993],[HM233090,AB687530,HM232993],
hinge:(AB687530,HM232994)
frame:Lepus mandshuricus:[HM233091,AB687530,HM232994],[HM233090,AB687530,HM232994],[HM233089,AB687530,HM232994],[HM233088,AB687530,HM232994],[HM233077,AB687530,HM232994],[HM233014,AB687530,HM232994],[HM233011,AB687530,HM232994],[HM233010,AB687530,HM232994],[DQ793161,AB687530,HM232994],
frame:Lepus timidus:[HM233091,AB687530,HM232994],[HM233090,AB687530,HM232994],
hinge:(AB687526,HM232992)
frame:Lepus mandshuricus:[HM233091,AB687526,HM232992],[HM233090,AB687526,HM232992],[HM233089,AB687526,HM232992],[HM233088,AB687526,HM232992],[HM233077,AB687526,HM232992],[HM233014,AB687526,HM232992],[HM233011,AB687526,HM232992],[HM233010,AB687526,HM232992],[DQ793161,AB687526,HM232992],
frame:Lepus timidus:[HM233091,AB687526,HM232992],[HM233090,AB687526,HM232992],
hinge:(AB687529,HM233014)
frame:Lepus mandshuricus:[HM233091,AB687529,HM233014],[HM233090,AB687529,HM233014],[HM233089,AB687529,HM233014],[HM233088,AB687529,HM233014],[HM233077,AB687529,HM233014],[DQ793161,AB687529,HM233014],
frame:Lepus timidus:[HM233091,AB687529,HM233014],[HM233090,AB687529,HM233014],
hinge:(AB687528,HM233010)
frame:Lepus mandshuricus:[HM233091,AB687528,HM233010],[HM233090,AB687528,HM233010],[HM233089,AB687528,HM233010],[HM233088,AB687528,HM233010],[HM233077,AB687528,HM233010],[HM233014,AB687528,HM233010],[DQ793161,AB687528,HM233010],
frame:Lepus timidus:[HM233091,AB687528,HM233010],[HM233090,AB687528,HM233010],
hinge:(AB687528,HM232996)
frame:Lepus mandshuricus:[HM233091,AB687528,HM232996],[HM233090,AB687528,HM232996],[HM233089,AB687528,HM232996],[HM233088,AB687528,HM232996],[HM233077,AB687528,HM232996],[HM233014,AB687528,HM232996],[HM233011,AB687528,HM232996],[HM233010,AB687528,HM232996],[DQ793161,AB687528,HM232996],
frame:Lepus timidus:[HM233091,AB687528,HM232996],[HM233090,AB687528,HM232996],
hinge:(AB687525,HM232995)
frame:Lepus mandshuricus:[HM233091,AB687525,HM232995],[HM233090,AB687525,HM232995],[HM233089,AB687525,HM232995],[HM233088,AB687525,HM232995],[HM233077,AB687525,HM232995],[HM233014,HM232995,AB687525],[HM233011,HM232995,AB687525],[HM233010,HM232995,AB687525],[DQ793161,HM232995,AB687525],
frame:Lepus timidus:[HM233091,AB687525,HM232995],[HM233090,AB687525,HM232995],
hinge:(AB687530,HM232991)
frame:Lepus mandshuricus:[HM233091,AB687530,HM232991],[HM233090,AB687530,HM232991],[HM233089,AB687530,HM232991],[HM233088,AB687530,HM232991],[HM233077,AB687530,HM232991],[DQ793161,AB687530,HM232991],
frame:Lepus timidus:[HM233091,AB687530,HM232991],[HM233090,AB687530,HM232991],
hinge:(AB687526,HM232993)
frame:Lepus mandshuricus:[HM233091,AB687526,HM232993],[HM233090,AB687526,HM232993],[HM233089,AB687526,HM232993],[HM233088,AB687526,HM232993],[HM233077,AB687526,HM232993],[HM233014,AB687526,HM232993],[HM233011,AB687526,HM232993],[HM233010,AB687526,HM232993],[DQ793161,AB687526,HM232993],
frame:Lepus timidus:[HM233091,AB687526,HM232993],[HM233090,AB687526,HM232993],
hinge:(AB687528,HM232994)
frame:Lepus mandshuricus:[HM233091,AB687528,HM232994],[HM233090,AB687528,HM232994],[HM233089,AB687528,HM232994],[HM233088,AB687528,HM232994],[HM233077,AB687528,HM232994],[HM233014,AB687528,HM232994],[HM233011,AB687528,HM232994],[HM233010,AB687528,HM232994],[DQ793161,AB687528,HM232994],
frame:Lepus timidus:[HM233091,AB687528,HM232994],[HM233090,AB687528,HM232994],
hinge:(AB687527,HM232994)
frame:Lepus mandshuricus:[HM233091,AB687527,HM232994],[HM233090,AB687527,HM232994],[HM233089,AB687527,HM232994],[HM233088,AB687527,HM232994],[HM233077,AB687527,HM232994],[HM233014,AB687527,HM232994],[HM233011,AB687527,HM232994],[HM233010,AB687527,HM232994],[DQ793161,AB687527,HM232994],
frame:Lepus timidus:[HM233091,AB687527,HM232994],[HM233090,AB687527,HM232994],
hinge:(AB687529,HM232995)
frame:Lepus mandshuricus:[HM233091,AB687529,HM232995],[HM233090,AB687529,HM232995],[HM233089,AB687529,HM232995],[HM233088,AB687529,HM232995],[HM233077,AB687529,HM232995],[HM233014,AB687529,HM232995],[HM233011,AB687529,HM232995],[HM233010,AB687529,HM232995],[DQ793161,HM232995,AB687529],
frame:Lepus timidus:[HM233091,AB687529,HM232995],[HM233090,AB687529,HM232995],
hinge:(AB687528,HM232991)
frame:Lepus mandshuricus:[HM233091,AB687528,HM232991],[HM233090,AB687528,HM232991],[HM233089,AB687528,HM232991],[HM233088,AB687528,HM232991],[HM233077,AB687528,HM232991],[HM233014,AB687528,HM232991],[HM233011,AB687528,HM232991],[HM233010,AB687528,HM232991],[DQ793161,AB687528,HM232991],
frame:Lepus timidus:[HM233091,AB687528,HM232991],[HM233090,AB687528,HM232991],
hinge:(AB687529,HM232992)
frame:Lepus mandshuricus:[HM233091,AB687529,HM232992],[HM233090,AB687529,HM232992],[HM233089,AB687529,HM232992],[HM233088,AB687529,HM232992],[HM233077,AB687529,HM232992],[HM233014,AB687529,HM232992],[HM233011,AB687529,HM232992],[HM233010,AB687529,HM232992],[DQ793161,HM232992,AB687529],
frame:Lepus timidus:[HM233091,AB687529,HM232992],[HM233090,AB687529,HM232992],
hinge:(AB687525,HM232991)
frame:Lepus mandshuricus:[HM233091,AB687525,HM232991],[HM233090,AB687525,HM232991],[HM233089,AB687525,HM232991],[HM233088,AB687525,HM232991],[HM233077,AB687525,HM232991],[HM233014,AB687525,HM232991],[HM233011,AB687525,HM232991],[HM233010,AB687525,HM232991],[DQ793161,AB687525,HM232991],
frame:Lepus timidus:[HM233091,AB687525,HM232991],[HM233090,AB687525,HM232991],
hinge:(AB687528,HM232992)
frame:Lepus mandshuricus:[HM233091,AB687528,HM232992],[HM233090,AB687528,HM232992],[HM233089,AB687528,HM232992],[HM233088,AB687528,HM232992],[HM233077,AB687528,HM232992],[HM233014,AB687528,HM232992],[HM233011,AB687528,HM232992],[HM233010,AB687528,HM232992],[DQ793161,AB687528,HM232992],
frame:Lepus timidus:[HM233091,AB687528,HM232992],[HM233090,AB687528,HM232992],
hinge:(AB687527,HM232995)
frame:Lepus mandshuricus:[HM233091,AB687527,HM232995],[HM233090,AB687527,HM232995],[HM233089,AB687527,HM232995],[HM233088,AB687527,HM232995],[HM233077,AB687527,HM232995],[HM233014,AB687527,HM232995],[HM233011,AB687527,HM232995],[HM233010,AB687527,HM232995],[DQ793161,AB687527,HM232995],
frame:Lepus timidus:[HM233091,AB687527,HM232995],[HM233090,AB687527,HM232995],
hinge:(AB687529,HM233010)
frame:Lepus mandshuricus:[HM233091,AB687529,HM233010],[HM233090,AB687529,HM233010],[HM233089,AB687529,HM233010],[HM233088,AB687529,HM233010],[HM233077,AB687529,HM233010],[DQ793161,AB687529,HM233010],
frame:Lepus timidus:[HM233091,AB687529,HM233010],[HM233090,AB687529,HM233010],
hinge:(AB687525,HM233011)
frame:Lepus mandshuricus:[HM233091,AB687525,HM233011],[HM233090,AB687525,HM233011],[HM233089,AB687525,HM233011],[HM233088,AB687525,HM233011],[HM233077,AB687525,HM233011],[DQ793161,AB687525,HM233011],
frame:Lepus timidus:[HM233091,AB687525,HM233011],[HM233090,AB687525,HM233011],
hinge:(AB687525,HM232993)
frame:Lepus mandshuricus:[HM233091,AB687525,HM232993],[HM233090,AB687525,HM232993],[HM233089,AB687525,HM232993],[HM233088,AB687525,HM232993],[HM233077,AB687525,HM232993],[HM233014,HM232993,AB687525],[HM233011,HM232993,AB687525],[HM233010,HM232993,AB687525],[DQ793161,HM232993,AB687525],
frame:Lepus timidus:[HM233091,AB687525,HM232993],[HM233090,AB687525,HM232993],
hinge:(AB687529,HM232996)
frame:Lepus mandshuricus:[HM233091,AB687529,HM232996],[HM233090,AB687529,HM232996],[HM233089,AB687529,HM232996],[HM233088,AB687529,HM232996],[HM233077,AB687529,HM232996],[HM233014,AB687529,HM232996],[HM233011,AB687529,HM232996],[HM233010,AB687529,HM232996],[DQ793161,HM232996,AB687529],
frame:Lepus timidus:[HM233091,AB687529,HM232996],[HM233090,AB687529,HM232996],
hinge:(AB687525,HM233010)
frame:Lepus mandshuricus:[HM233091,AB687525,HM233010],[HM233090,AB687525,HM233010],[HM233089,AB687525,HM233010],[HM233088,AB687525,HM233010],[HM233077,AB687525,HM233010],[DQ793161,AB687525,HM233010],
frame:Lepus timidus:[HM233091,AB687525,HM233010],[HM233090,AB687525,HM233010],
hinge:(AB687526,HM233014)
frame:Lepus mandshuricus:[HM233091,AB687526,HM233014],[HM233090,AB687526,HM233014],[HM233089,AB687526,HM233014],[HM233088,AB687526,HM233014],[HM233077,AB687526,HM233014],[DQ793161,AB687526,HM233014],
frame:Lepus timidus:[HM233091,AB687526,HM233014],[HM233090,AB687526,HM233014],
