between:Amyda cartilaginea,Amyda ornata
hinge:(LM537482,LM537485)
frame:Amyda cartilaginea:[LM537494,LM537482,LM537485],[LM537493,LM537482,LM537485],[LM537492,LM537482,LM537485],[LM537491,LM537482,LM537485],[LM537481,LM537482,LM537485],[LM537480,LM537482,LM537485],[LM537476,LM537482,LM537485],[LM537467,LM537482,LM537485],[LM537466,LM537482,LM537485],[LM537465,LM537482,LM537485],[LM537464,LM537482,LM537485],[LM537463,LM537482,LM537485],[JN232534,LM537482,LM537485],[AY259550,LM537482,LM537485],
frame:Amyda ornata:[LM537490,LM537485,LM537482],[LM537478,LM537485,LM537482],[LM537462,LM537485,LM537482],
hinge:(LM537478,LM537481)
frame:Amyda cartilaginea:[LM537485,LM537478,LM537481],[LM537484,LM537478,LM537481],[LM537483,LM537478,LM537481],
frame:Amyda ornata:[LM537482,LM537478,LM537481],
hinge:(LM537483,LM537490)
frame:Amyda cartilaginea:[LM537494,LM537490,LM537483],[LM537493,LM537490,LM537483],[LM537492,LM537490,LM537483],[LM537491,LM537490,LM537483],[LM537481,LM537490,LM537483],[LM537480,LM537490,LM537483],[LM537476,LM537490,LM537483],[LM537467,LM537490,LM537483],[LM537466,LM537490,LM537483],[LM537465,LM537490,LM537483],[LM537464,LM537490,LM537483],[LM537463,LM537490,LM537483],[JN232534,LM537490,LM537483],[AY259550,LM537490,LM537483],
frame:Amyda ornata:[LM537478,LM537490,LM537483],[LM537462,LM537490,LM537483],
hinge:(LM537467,LM537478)
frame:Amyda cartilaginea:[LM537494,LM537467,LM537478],[LM537493,LM537467,LM537478],[LM537492,LM537467,LM537478],[LM537491,LM537467,LM537478],[LM537485,LM537478,LM537467],[LM537484,LM537478,LM537467],[LM537483,LM537478,LM537467],[LM537481,LM537467,LM537478],[LM537480,LM537467,LM537478],[LM537476,LM537467,LM537478],[LM537466,LM537478,LM537467],[LM537464,LM537467,LM537478],[LM537463,LM537467,LM537478],
frame:Amyda ornata:[LM537490,LM537467,LM537478],[LM537482,LM537467,LM537478],[LM537462,LM537467,LM537478],
hinge:(LM537484,LM537490)
frame:Amyda cartilaginea:[LM537494,LM537490,LM537484],[LM537493,LM537490,LM537484],[LM537492,LM537490,LM537484],[LM537491,LM537490,LM537484],[LM537481,LM537490,LM537484],[LM537480,LM537490,LM537484],[LM537476,LM537490,LM537484],[LM537467,LM537490,LM537484],[LM537466,LM537490,LM537484],[LM537465,LM537490,LM537484],[LM537464,LM537490,LM537484],[LM537463,LM537490,LM537484],[JN232534,LM537490,LM537484],[AY259550,LM537490,LM537484],
frame:Amyda ornata:[LM537478,LM537490,LM537484],[LM537462,LM537490,LM537484],
hinge:(LM537466,LM537478)
frame:Amyda cartilaginea:[LM537494,LM537478,LM537466],[LM537493,LM537478,LM537466],[LM537492,LM537478,LM537466],[LM537491,LM537478,LM537466],[LM537485,LM537478,LM537466],[LM537484,LM537478,LM537466],[LM537483,LM537478,LM537466],[LM537481,LM537478,LM537466],[LM537480,LM537478,LM537466],[LM537476,LM537478,LM537466],[LM537464,LM537478,LM537466],[LM537463,LM537478,LM537466],[JN232534,LM537478,LM537466],
frame:Amyda ornata:[LM537490,LM537478,LM537466],[LM537482,LM537478,LM537466],[LM537462,LM537466,LM537478],
hinge:(LM537476,LM537478)
frame:Amyda cartilaginea:[LM537485,LM537478,LM537476],[LM537484,LM537478,LM537476],[LM537483,LM537478,LM537476],
frame:Amyda ornata:[LM537482,LM537478,LM537476],
hinge:(LM537462,LM537483)
frame:Amyda cartilaginea:[LM537494,LM537462,LM537483],[LM537493,LM537462,LM537483],[LM537492,LM537462,LM537483],[LM537491,LM537462,LM537483],[LM537481,LM537462,LM537483],[LM537480,LM537462,LM537483],[LM537476,LM537462,LM537483],[LM537467,LM537462,LM537483],[LM537466,LM537462,LM537483],[LM537465,LM537462,LM537483],[JN232534,LM537462,LM537483],[AY259550,LM537462,LM537483],
frame:Amyda ornata:[LM537478,LM537483,LM537462],
hinge:(LM537464,LM537482)
frame:Amyda cartilaginea:[LM537494,LM537464,LM537482],[LM537493,LM537464,LM537482],[LM537492,LM537464,LM537482],[LM537491,LM537464,LM537482],[LM537481,LM537464,LM537482],[LM537480,LM537464,LM537482],[LM537476,LM537464,LM537482],[LM537467,LM537464,LM537482],[LM537466,LM537464,LM537482],[LM537465,LM537464,LM537482],[JN232534,LM537482,LM537464],[AY259550,LM537482,LM537464],
frame:Amyda ornata:[LM537478,LM537482,LM537464],
hinge:(LM537478,LM537492)
frame:Amyda cartilaginea:[LM537485,LM537478,LM537492],[LM537484,LM537478,LM537492],[LM537483,LM537478,LM537492],
frame:Amyda ornata:[LM537482,LM537478,LM537492],
hinge:(LM537465,LM537478)
frame:Amyda cartilaginea:[LM537494,LM537465,LM537478],[LM537493,LM537465,LM537478],[LM537492,LM537465,LM537478],[LM537491,LM537465,LM537478],[LM537485,LM537465,LM537478],[LM537484,LM537465,LM537478],[LM537483,LM537465,LM537478],[LM537481,LM537465,LM537478],[LM537480,LM537465,LM537478],[LM537476,LM537465,LM537478],[LM537466,LM537478,LM537465],[LM537464,LM537465,LM537478],[LM537463,LM537465,LM537478],
frame:Amyda ornata:[LM537490,LM537465,LM537478],[LM537482,LM537465,LM537478],[LM537462,LM537465,LM537478],
hinge:(JN232534,LM537478)
frame:Amyda cartilaginea:[LM537494,JN232534,LM537478],[LM537493,JN232534,LM537478],[LM537492,JN232534,LM537478],[LM537491,JN232534,LM537478],[LM537485,JN232534,LM537478],[LM537484,JN232534,LM537478],[LM537483,JN232534,LM537478],[LM537481,JN232534,LM537478],[LM537480,JN232534,LM537478],[LM537476,JN232534,LM537478],[LM537467,LM537478,JN232534],[LM537465,LM537478,JN232534],[LM537464,JN232534,LM537478],[LM537463,JN232534,LM537478],
frame:Amyda ornata:[LM537490,JN232534,LM537478],[LM537482,JN232534,LM537478],[LM537462,JN232534,LM537478],
hinge:(LM537463,LM537490)
frame:Amyda cartilaginea:[LM537494,LM537463,LM537490],[LM537493,LM537463,LM537490],[LM537492,LM537463,LM537490],[LM537491,LM537463,LM537490],[LM537481,LM537463,LM537490],[LM537480,LM537463,LM537490],[LM537476,LM537463,LM537490],[LM537467,LM537490,LM537463],[LM537466,LM537490,LM537463],[LM537465,LM537490,LM537463],[JN232534,LM537490,LM537463],[AY259550,LM537490,LM537463],
frame:Amyda ornata:[LM537478,LM537490,LM537463],
hinge:(LM537485,LM537490)
frame:Amyda cartilaginea:[LM537494,LM537490,LM537485],[LM537493,LM537490,LM537485],[LM537492,LM537490,LM537485],[LM537491,LM537490,LM537485],[LM537481,LM537490,LM537485],[LM537480,LM537490,LM537485],[LM537476,LM537490,LM537485],[LM537467,LM537490,LM537485],[LM537466,LM537490,LM537485],[LM537465,LM537490,LM537485],[LM537464,LM537490,LM537485],[LM537463,LM537490,LM537485],[JN232534,LM537490,LM537485],[AY259550,LM537490,LM537485],
frame:Amyda ornata:[LM537478,LM537490,LM537485],[LM537462,LM537490,LM537485],
hinge:(LM537482,LM537483)
frame:Amyda cartilaginea:[LM537494,LM537482,LM537483],[LM537493,LM537482,LM537483],[LM537492,LM537482,LM537483],[LM537491,LM537482,LM537483],[LM537485,LM537482,LM537483],[LM537484,LM537482,LM537483],[LM537481,LM537482,LM537483],[LM537480,LM537482,LM537483],[LM537476,LM537482,LM537483],[LM537467,LM537482,LM537483],[LM537466,LM537482,LM537483],[LM537465,LM537482,LM537483],[LM537464,LM537482,LM537483],[LM537463,LM537482,LM537483],[JN232534,LM537482,LM537483],[AY259550,LM537482,LM537483],
frame:Amyda ornata:[LM537490,LM537483,LM537482],[LM537478,LM537483,LM537482],[LM537462,LM537483,LM537482],
hinge:(LM537478,LM537480)
frame:Amyda cartilaginea:[LM537485,LM537478,LM537480],[LM537484,LM537478,LM537480],[LM537483,LM537478,LM537480],
frame:Amyda ornata:[LM537490,LM537478,LM537480],[LM537482,LM537478,LM537480],
hinge:(LM537464,LM537490)
frame:Amyda cartilaginea:[LM537494,LM537464,LM537490],[LM537493,LM537464,LM537490],[LM537492,LM537464,LM537490],[LM537491,LM537464,LM537490],[LM537481,LM537464,LM537490],[LM537480,LM537464,LM537490],[LM537476,LM537464,LM537490],[LM537467,LM537490,LM537464],[LM537466,LM537490,LM537464],[LM537465,LM537490,LM537464],[JN232534,LM537490,LM537464],[AY259550,LM537490,LM537464],
frame:Amyda ornata:[LM537478,LM537490,LM537464],
hinge:(LM537482,LM537484)
frame:Amyda cartilaginea:[LM537494,LM537482,LM537484],[LM537493,LM537482,LM537484],[LM537492,LM537482,LM537484],[LM537491,LM537482,LM537484],[LM537485,LM537482,LM537484],[LM537481,LM537482,LM537484],[LM537480,LM537482,LM537484],[LM537476,LM537482,LM537484],[LM537467,LM537482,LM537484],[LM537466,LM537482,LM537484],[LM537465,LM537482,LM537484],[LM537464,LM537482,LM537484],[LM537463,LM537482,LM537484],[JN232534,LM537482,LM537484],[AY259550,LM537482,LM537484],
frame:Amyda ornata:[LM537490,LM537484,LM537482],[LM537478,LM537484,LM537482],[LM537462,LM537484,LM537482],
hinge:(AY259550,LM537478)
frame:Amyda cartilaginea:[LM537494,AY259550,LM537478],[LM537493,AY259550,LM537478],[LM537492,AY259550,LM537478],[LM537491,AY259550,LM537478],[LM537485,AY259550,LM537478],[LM537484,AY259550,LM537478],[LM537483,AY259550,LM537478],[LM537481,AY259550,LM537478],[LM537480,AY259550,LM537478],[LM537476,AY259550,LM537478],[LM537466,LM537478,AY259550],[LM537464,AY259550,LM537478],[LM537463,AY259550,LM537478],[JN232534,LM537478,AY259550],
frame:Amyda ornata:[LM537490,AY259550,LM537478],[LM537482,AY259550,LM537478],[LM537462,AY259550,LM537478],
hinge:(LM537462,LM537484)
frame:Amyda cartilaginea:[LM537494,LM537462,LM537484],[LM537493,LM537462,LM537484],[LM537492,LM537462,LM537484],[LM537491,LM537462,LM537484],[LM537481,LM537462,LM537484],[LM537480,LM537462,LM537484],[LM537476,LM537462,LM537484],[LM537467,LM537462,LM537484],[LM537466,LM537462,LM537484],[LM537465,LM537462,LM537484],[JN232534,LM537462,LM537484],[AY259550,LM537462,LM537484],
frame:Amyda ornata:[LM537478,LM537484,LM537462],
hinge:(LM537463,LM537482)
frame:Amyda cartilaginea:[LM537494,LM537463,LM537482],[LM537493,LM537463,LM537482],[LM537492,LM537463,LM537482],[LM537491,LM537463,LM537482],[LM537481,LM537463,LM537482],[LM537480,LM537463,LM537482],[LM537476,LM537463,LM537482],[LM537467,LM537463,LM537482],[LM537466,LM537463,LM537482],[LM537465,LM537463,LM537482],[JN232534,LM537482,LM537463],[AY259550,LM537482,LM537463],
frame:Amyda ornata:[LM537478,LM537482,LM537463],
hinge:(LM537462,LM537464)
frame:Amyda cartilaginea:[LM537494,LM537462,LM537464],[LM537493,LM537462,LM537464],[LM537492,LM537462,LM537464],[LM537491,LM537462,LM537464],[LM537485,LM537462,LM537464],[LM537484,LM537462,LM537464],[LM537483,LM537462,LM537464],[LM537481,LM537462,LM537464],[LM537480,LM537462,LM537464],[LM537476,LM537462,LM537464],[LM537467,LM537462,LM537464],[LM537466,LM537462,LM537464],[LM537465,LM537462,LM537464],[JN232534,LM537462,LM537464],[AY259550,LM537462,LM537464],
frame:Amyda ornata:[LM537490,LM537464,LM537462],[LM537482,LM537464,LM537462],[LM537478,LM537464,LM537462],
hinge:(LM537462,LM537485)
frame:Amyda cartilaginea:[LM537494,LM537462,LM537485],[LM537493,LM537462,LM537485],[LM537492,LM537462,LM537485],[LM537491,LM537462,LM537485],[LM537481,LM537462,LM537485],[LM537480,LM537462,LM537485],[LM537476,LM537462,LM537485],[LM537467,LM537462,LM537485],[LM537466,LM537462,LM537485],[LM537465,LM537462,LM537485],[JN232534,LM537462,LM537485],[AY259550,LM537462,LM537485],
frame:Amyda ornata:[LM537478,LM537485,LM537462],
hinge:(LM537462,LM537463)
frame:Amyda cartilaginea:[LM537494,LM537462,LM537463],[LM537493,LM537462,LM537463],[LM537492,LM537462,LM537463],[LM537491,LM537462,LM537463],[LM537485,LM537462,LM537463],[LM537484,LM537462,LM537463],[LM537483,LM537462,LM537463],[LM537481,LM537462,LM537463],[LM537480,LM537462,LM537463],[LM537476,LM537462,LM537463],[LM537467,LM537462,LM537463],[LM537466,LM537462,LM537463],[LM537465,LM537462,LM537463],[LM537464,LM537462,LM537463],[JN232534,LM537462,LM537463],[AY259550,LM537462,LM537463],
frame:Amyda ornata:[LM537490,LM537463,LM537462],[LM537482,LM537463,LM537462],[LM537478,LM537463,LM537462],
between:Amyda cartilaginea,Palea steindachneri
hinge:(AY743417,LM537493)
frame:Amyda cartilaginea:[LM537467,LM537493,AY743417],[LM537466,LM537493,AY743417],[LM537465,LM537493,AY743417],[JN232534,AY743417,LM537493],[AY259550,LM537493,AY743417],
frame:Palea steindachneri:[AY259552,AY743417,LM537493],
hinge:(AY743417,LM537492)
frame:Amyda cartilaginea:[LM537467,LM537492,AY743417],[LM537466,LM537492,AY743417],[LM537465,LM537492,AY743417],[LM537464,LM537492,AY743417],[LM537463,LM537492,AY743417],[JN232534,AY743417,LM537492],[AY259550,LM537492,AY743417],
frame:Palea steindachneri:[AY259552,AY743417,LM537492],
hinge:(AY743417,LM537494)
frame:Amyda cartilaginea:[LM537467,LM537494,AY743417],[LM537466,LM537494,AY743417],[LM537465,LM537494,AY743417],[JN232534,AY743417,LM537494],[AY259550,LM537494,AY743417],
frame:Palea steindachneri:[AY259552,AY743417,LM537494],
hinge:(AY259550,AY743417)
frame:Amyda cartilaginea:[LM537485,AY743417,AY259550],[LM537484,AY743417,AY259550],[LM537483,AY743417,AY259550],[LM537464,AY743417,AY259550],[LM537463,AY743417,AY259550],
frame:Palea steindachneri:[AY259552,AY259550,AY743417],
hinge:(AY743417,LM537467)
frame:Amyda cartilaginea:[LM537485,AY743417,LM537467],[LM537484,AY743417,LM537467],[LM537483,AY743417,LM537467],[LM537464,AY743417,LM537467],[LM537463,AY743417,LM537467],
frame:Palea steindachneri:[AY259552,LM537467,AY743417],
hinge:(AY743417,LM537476)
frame:Amyda cartilaginea:[LM537467,LM537476,AY743417],[LM537466,LM537476,AY743417],[LM537465,LM537476,AY743417],[LM537464,LM537476,AY743417],[LM537463,LM537476,AY743417],[JN232534,AY743417,LM537476],[AY259550,LM537476,AY743417],
frame:Palea steindachneri:[AY259552,AY743417,LM537476],
hinge:(AY743417,LM537480)
frame:Amyda cartilaginea:[LM537494,LM537480,AY743417],[LM537493,LM537480,AY743417],[LM537492,LM537480,AY743417],[LM537491,LM537480,AY743417],[LM537485,LM537480,AY743417],[LM537484,LM537480,AY743417],[LM537483,LM537480,AY743417],[LM537476,LM537480,AY743417],[LM537467,LM537480,AY743417],[LM537466,LM537480,AY743417],[LM537465,LM537480,AY743417],[LM537464,LM537480,AY743417],[LM537463,LM537480,AY743417],[JN232534,AY743417,LM537480],[AY259550,LM537480,AY743417],
frame:Palea steindachneri:[AY259552,AY743417,LM537480],
hinge:(AY743417,LM537466)
frame:Amyda cartilaginea:[LM537485,LM537466,AY743417],[LM537484,LM537466,AY743417],[LM537483,LM537466,AY743417],[LM537464,LM537466,AY743417],[LM537463,LM537466,AY743417],
frame:Palea steindachneri:[AY259552,AY743417,LM537466],
hinge:(AY743417,LM537491)
frame:Amyda cartilaginea:[LM537467,LM537491,AY743417],[LM537466,LM537491,AY743417],[LM537465,LM537491,AY743417],[JN232534,AY743417,LM537491],[AY259550,LM537491,AY743417],
frame:Palea steindachneri:[AY259552,AY743417,LM537491],
hinge:(AY743417,JN232534)
frame:Amyda cartilaginea:[LM537485,AY743417,JN232534],[LM537484,AY743417,JN232534],[LM537483,AY743417,JN232534],[LM537464,AY743417,JN232534],[LM537463,AY743417,JN232534],
frame:Palea steindachneri:[AY259552,JN232534,AY743417],
hinge:(AY743417,LM537465)
frame:Amyda cartilaginea:[LM537485,AY743417,LM537465],[LM537484,AY743417,LM537465],[LM537483,AY743417,LM537465],[LM537464,AY743417,LM537465],[LM537463,AY743417,LM537465],
frame:Palea steindachneri:[AY259552,LM537465,AY743417],
hinge:(AY743417,LM537481)
frame:Amyda cartilaginea:[LM537494,LM537481,AY743417],[LM537493,LM537481,AY743417],[LM537492,LM537481,AY743417],[LM537491,LM537481,AY743417],[LM537485,LM537481,AY743417],[LM537484,LM537481,AY743417],[LM537483,LM537481,AY743417],[LM537476,LM537481,AY743417],[LM537467,LM537481,AY743417],[LM537466,LM537481,AY743417],[LM537465,LM537481,AY743417],[LM537464,LM537481,AY743417],[LM537463,LM537481,AY743417],[JN232534,AY743417,LM537481],[AY259550,LM537481,AY743417],
frame:Palea steindachneri:[AY259552,AY743417,LM537481],
between:Amyda ornata,Palea steindachneri
hinge:(AY743417,LM537478)
frame:Amyda ornata:[LM537490,AY743417,LM537478],[LM537482,AY743417,LM537478],[LM537462,LM537478,AY743417],
frame:Palea steindachneri:[AY259552,LM537478,AY743417],
