(Amyda cartilaginea,Amyda ornata): 0 / 646
(Amyda ornata,Palea steindachneri): 0 / 16
(Amyda cartilaginea,Palea steindachneri): 0 / 289
Task [0 -- build_triples] completed processing.
Task 0 -- build_triples end adding task 1 shutdown sentinels.(Amyda cartilaginea,Amyda ornata): 1 / 646
(Amyda cartilaginea,Amyda ornata): 2 / 646
(Amyda cartilaginea,Amyda ornata): 3 / 646
(Amyda cartilaginea,Amyda ornata): 4 / 646
(Amyda cartilaginea,Amyda ornata): 5 / 646
(Amyda cartilaginea,Amyda ornata): 6 / 646
(Amyda cartilaginea,Amyda ornata): 7 / 646
(Amyda cartilaginea,Amyda ornata): 8 / 646
(Amyda cartilaginea,Amyda ornata): 9 / 646
(Amyda cartilaginea,Amyda ornata): 10 / 646
(Amyda cartilaginea,Amyda ornata): 11 / 646
(Amyda cartilaginea,Amyda ornata): 12 / 646
(Amyda cartilaginea,Amyda ornata): 13 / 646
(Amyda cartilaginea,Amyda ornata): 14 / 646
(Amyda cartilaginea,Amyda ornata): 15 / 646
(Amyda cartilaginea,Amyda ornata): 16 / 646
(Amyda cartilaginea,Amyda ornata): 17 / 646
(Amyda cartilaginea,Amyda ornata): 18 / 646
(Amyda cartilaginea,Amyda ornata): 19 / 646
(Amyda cartilaginea,Amyda ornata): 20 / 646
(Amyda cartilaginea,Amyda ornata): 21 / 646
(Amyda cartilaginea,Amyda ornata): 22 / 646
(Amyda cartilaginea,Amyda ornata): 23 / 646
(Amyda cartilaginea,Amyda ornata): 24 / 646
(Amyda cartilaginea,Amyda ornata): 25 / 646
(Amyda cartilaginea,Amyda ornata): 26 / 646
(Amyda cartilaginea,Amyda ornata): 27 / 646
(Amyda cartilaginea,Amyda ornata): 28 / 646
(Amyda cartilaginea,Amyda ornata): 29 / 646
(Amyda cartilaginea,Amyda ornata): 30 / 646
(Amyda cartilaginea,Amyda ornata): 31 / 646
(Amyda cartilaginea,Amyda ornata): 32 / 646
(Amyda cartilaginea,Amyda ornata): 33 / 646
(Amyda cartilaginea,Amyda ornata): 34 / 646
(Amyda cartilaginea,Amyda ornata): 35 / 646
(Amyda cartilaginea,Amyda ornata): 36 / 646
(Amyda cartilaginea,Amyda ornata): 37 / 646
(Amyda cartilaginea,Amyda ornata): 38 / 646
(Amyda cartilaginea,Amyda ornata): 39 / 646
(Amyda cartilaginea,Amyda ornata): 40 / 646
(Amyda cartilaginea,Amyda ornata): 41 / 646
(Amyda cartilaginea,Amyda ornata): 42 / 646
(Amyda cartilaginea,Amyda ornata): 43 / 646
(Amyda cartilaginea,Amyda ornata): 44 / 646
(Amyda cartilaginea,Amyda ornata): 45 / 646
(Amyda cartilaginea,Amyda ornata): 46 / 646
(Amyda cartilaginea,Amyda ornata): 47 / 646
(Amyda cartilaginea,Amyda ornata): 48 / 646
(Amyda cartilaginea,Amyda ornata): 49 / 646
(Amyda cartilaginea,Amyda ornata): 50 / 646
(Amyda cartilaginea,Amyda ornata): 51 / 646
(Amyda cartilaginea,Amyda ornata): 52 / 646
(Amyda cartilaginea,Amyda ornata): 53 / 646
(Amyda cartilaginea,Amyda ornata): 54 / 646
(Amyda cartilaginea,Amyda ornata): 55 / 646
(Amyda cartilaginea,Amyda ornata): 56 / 646
(Amyda cartilaginea,Amyda ornata): 57 / 646
(Amyda cartilaginea,Amyda ornata): 58 / 646
(Amyda cartilaginea,Amyda ornata): 59 / 646
(Amyda cartilaginea,Amyda ornata): 60 / 646
(Amyda cartilaginea,Amyda ornata): 61 / 646
(Amyda cartilaginea,Amyda ornata): 62 / 646
(Amyda cartilaginea,Amyda ornata): 63 / 646
(Amyda cartilaginea,Amyda ornata): 64 / 646
(Amyda cartilaginea,Amyda ornata): 65 / 646
(Amyda cartilaginea,Amyda ornata): 66 / 646
(Amyda cartilaginea,Amyda ornata): 67 / 646
(Amyda cartilaginea,Amyda ornata): 68 / 646
(Amyda cartilaginea,Amyda ornata): 69 / 646
(Amyda cartilaginea,Amyda ornata): 70 / 646
(Amyda cartilaginea,Amyda ornata): 71 / 646
(Amyda cartilaginea,Amyda ornata): 72 / 646
(Amyda cartilaginea,Amyda ornata): 73 / 646
(Amyda cartilaginea,Amyda ornata): 74 / 646
(Amyda cartilaginea,Amyda ornata): 75 / 646
(Amyda cartilaginea,Amyda ornata): 76 / 646
(Amyda cartilaginea,Amyda ornata): 77 / 646
(Amyda cartilaginea,Amyda ornata): 78 / 646
(Amyda cartilaginea,Amyda ornata): 79 / 646
(Amyda cartilaginea,Amyda ornata): 80 / 646
(Amyda cartilaginea,Amyda ornata): 81 / 646
(Amyda cartilaginea,Amyda ornata): 82 / 646
(Amyda cartilaginea,Amyda ornata): 83 / 646
(Amyda cartilaginea,Amyda ornata): 84 / 646
(Amyda cartilaginea,Amyda ornata): 85 / 646
(Amyda cartilaginea,Amyda ornata): 86 / 646
(Amyda cartilaginea,Amyda ornata): 87 / 646
(Amyda cartilaginea,Amyda ornata): 88 / 646
(Amyda cartilaginea,Amyda ornata): 89 / 646
(Amyda cartilaginea,Amyda ornata): 90 / 646
(Amyda cartilaginea,Amyda ornata): 91 / 646
(Amyda cartilaginea,Amyda ornata): 92 / 646
(Amyda cartilaginea,Amyda ornata): 93 / 646
(Amyda cartilaginea,Amyda ornata): 94 / 646
(Amyda cartilaginea,Amyda ornata): 95 / 646
(Amyda cartilaginea,Amyda ornata): 96 / 646
(Amyda cartilaginea,Amyda ornata): 97 / 646
(Amyda cartilaginea,Amyda ornata): 98 / 646
(Amyda cartilaginea,Amyda ornata): 99 / 646
(Amyda cartilaginea,Amyda ornata): 100 / 646
(Amyda cartilaginea,Amyda ornata): 101 / 646
(Amyda cartilaginea,Amyda ornata): 102 / 646
(Amyda cartilaginea,Amyda ornata): 103 / 646
(Amyda cartilaginea,Amyda ornata): 104 / 646
(Amyda cartilaginea,Amyda ornata): 105 / 646
(Amyda cartilaginea,Amyda ornata): 106 / 646
(Amyda cartilaginea,Amyda ornata): 107 / 646
(Amyda cartilaginea,Amyda ornata): 108 / 646
(Amyda cartilaginea,Amyda ornata): 109 / 646
(Amyda cartilaginea,Amyda ornata): 110 / 646
(Amyda cartilaginea,Amyda ornata): 111 / 646
(Amyda cartilaginea,Amyda ornata): 112 / 646
(Amyda cartilaginea,Amyda ornata): 113 / 646
(Amyda cartilaginea,Amyda ornata): 114 / 646
(Amyda cartilaginea,Amyda ornata): 115 / 646
(Amyda cartilaginea,Amyda ornata): 116 / 646
(Amyda cartilaginea,Amyda ornata): 117 / 646
(Amyda cartilaginea,Amyda ornata): 118 / 646
(Amyda cartilaginea,Amyda ornata): 119 / 646
(Amyda cartilaginea,Amyda ornata): 120 / 646
(Amyda cartilaginea,Amyda ornata): 121 / 646
(Amyda cartilaginea,Amyda ornata): 122 / 646
(Amyda cartilaginea,Amyda ornata): 123 / 646
(Amyda cartilaginea,Amyda ornata): 124 / 646
(Amyda cartilaginea,Amyda ornata): 125 / 646
(Amyda cartilaginea,Amyda ornata): 126 / 646
(Amyda cartilaginea,Amyda ornata): 127 / 646
(Amyda cartilaginea,Amyda ornata): 128 / 646
(Amyda cartilaginea,Amyda ornata): 129 / 646
(Amyda cartilaginea,Amyda ornata): 130 / 646
(Amyda cartilaginea,Amyda ornata): 131 / 646
(Amyda cartilaginea,Amyda ornata): 132 / 646
(Amyda cartilaginea,Amyda ornata): 133 / 646
(Amyda cartilaginea,Amyda ornata): 134 / 646
(Amyda cartilaginea,Amyda ornata): 135 / 646
(Amyda cartilaginea,Amyda ornata): 136 / 646
(Amyda cartilaginea,Amyda ornata): 137 / 646
(Amyda cartilaginea,Amyda ornata): 138 / 646
(Amyda cartilaginea,Amyda ornata): 139 / 646
(Amyda cartilaginea,Amyda ornata): 140 / 646
(Amyda cartilaginea,Amyda ornata): 141 / 646
(Amyda cartilaginea,Amyda ornata): 142 / 646
(Amyda cartilaginea,Amyda ornata): 143 / 646
(Amyda cartilaginea,Amyda ornata): 144 / 646
(Amyda cartilaginea,Amyda ornata): 145 / 646
(Amyda cartilaginea,Amyda ornata): 146 / 646
(Amyda cartilaginea,Amyda ornata): 147 / 646
(Amyda cartilaginea,Amyda ornata): 148 / 646
(Amyda cartilaginea,Amyda ornata): 149 / 646
(Amyda cartilaginea,Amyda ornata): 150 / 646
(Amyda cartilaginea,Amyda ornata): 151 / 646
(Amyda cartilaginea,Amyda ornata): 152 / 646
(Amyda cartilaginea,Amyda ornata): 153 / 646
(Amyda cartilaginea,Amyda ornata): 154 / 646
(Amyda cartilaginea,Amyda ornata): 155 / 646
(Amyda cartilaginea,Amyda ornata): 156 / 646
(Amyda cartilaginea,Amyda ornata): 157 / 646
(Amyda cartilaginea,Amyda ornata): 158 / 646
(Amyda cartilaginea,Amyda ornata): 159 / 646
(Amyda cartilaginea,Amyda ornata): 160 / 646
(Amyda cartilaginea,Amyda ornata): 161 / 646
(Amyda cartilaginea,Amyda ornata): 162 / 646
(Amyda cartilaginea,Amyda ornata): 163 / 646
(Amyda cartilaginea,Amyda ornata): 164 / 646
(Amyda cartilaginea,Amyda ornata): 165 / 646
(Amyda cartilaginea,Amyda ornata): 166 / 646
(Amyda cartilaginea,Amyda ornata): 167 / 646
(Amyda cartilaginea,Amyda ornata): 168 / 646
(Amyda cartilaginea,Amyda ornata): 169 / 646
(Amyda cartilaginea,Amyda ornata): 170 / 646
(Amyda cartilaginea,Amyda ornata): 171 / 646
(Amyda cartilaginea,Amyda ornata): 172 / 646
(Amyda cartilaginea,Amyda ornata): 173 / 646
(Amyda cartilaginea,Amyda ornata): 174 / 646
(Amyda cartilaginea,Amyda ornata): 175 / 646
(Amyda cartilaginea,Amyda ornata): 176 / 646
(Amyda cartilaginea,Amyda ornata): 177 / 646
(Amyda cartilaginea,Amyda ornata): 178 / 646
(Amyda cartilaginea,Amyda ornata): 179 / 646
Found potential hybrid: [LM537490,LM537484,LM537482]
Found potential hybrid: [LM537490,LM537485,LM537482]
Found potential hybrid: [LM537490,LM537483,LM537482]
Found potential hybrid: [LM537478,LM537490,LM537485]
Found potential hybrid: [LM537478,LM537490,LM537483]
Found potential hybrid: [LM537478,LM537490,LM537484]
Found potential hybrid: [LM537490,LM537467,LM537478]
Found potential hybrid: [LM537490,LM537478,LM537480]
Found potential hybrid: [LM537490,LM537478,LM537466]
Found potential hybrid: [LM537478,LM537490,LM537464]
Found potential hybrid: [LM537490,LM537465,LM537478]
Found potential hybrid: [LM537478,LM537490,LM537463]
Found potential hybrid: [LM537490,JN232534,LM537478]
Found potential hybrid: [LM537490,AY259550,LM537478]
Found potential hybrid: [LM537462,LM537490,LM537485]
Found potential hybrid: [LM537462,LM537490,LM537484]
Found potential hybrid: [LM537462,LM537490,LM537483]
Found potential hybrid: [LM537490,LM537464,LM537462]
Found potential hybrid: [LM537490,LM537463,LM537462]
Found potential hybrid: [LM537482,LM537478,LM537492]
Found potential hybrid: [LM537478,LM537485,LM537482]
Found potential hybrid: [LM537478,LM537484,LM537482]
Found potential hybrid: [LM537478,LM537483,LM537482]
Found potential hybrid: [LM537482,LM537478,LM537481]
Found potential hybrid: [LM537482,LM537478,LM537480]
Found potential hybrid: [LM537482,LM537478,LM537476]
Found potential hybrid: [LM537482,LM537467,LM537478]
Found potential hybrid: [LM537482,LM537465,LM537478]
Found potential hybrid: [LM537482,LM537478,LM537466]
Found potential hybrid: [LM537478,LM537482,LM537464]
Found potential hybrid: [LM537478,LM537482,LM537463]
Found potential hybrid: [LM537482,JN232534,LM537478]
Found potential hybrid: [LM537482,AY259550,LM537478]
Found potential hybrid: [LM537462,LM537485,LM537482]
Found potential hybrid: [LM537462,LM537483,LM537482]
Found potential hybrid: [LM537462,LM537484,LM537482]
Found potential hybrid: [LM537482,LM537464,LM537462]
Found potential hybrid: [LM537482,LM537463,LM537462]
Found potential hybrid: [LM537478,LM537485,LM537462]
Found potential hybrid: [LM537478,LM537484,LM537462]
Found potential hybrid: [LM537478,LM537483,LM537462]
Found potential hybrid: [LM537462,LM537467,LM537478]
Found potential hybrid: [LM537462,LM537466,LM537478]
Found potential hybrid: [LM537462,LM537465,LM537478]
Found potential hybrid: [LM537478,LM537464,LM537462]
Found potential hybrid: [LM537478,LM537463,LM537462]
Found potential hybrid: [LM537462,JN232534,LM537478]
Found potential hybrid: [LM537462,AY259550,LM537478]
Found potential hybrid: [LM537494,LM537490,LM537485]
Found potential hybrid: [LM537494,LM537482,LM537485]
Found potential hybrid: [LM537494,LM537478,LM537485]
Found potential hybrid: [LM537494,LM537462,LM537485]
Found potential hybrid: [LM537494,LM537490,LM537484]
Found potential hybrid: [LM537494,LM537482,LM537484]
Found potential hybrid: [LM537494,LM537478,LM537484]
Found potential hybrid: [LM537494,LM537462,LM537484]
Found potential hybrid: [LM537494,LM537490,LM537483]
Found potential hybrid: [LM537494,LM537482,LM537483]
Found potential hybrid: [LM537494,LM537478,LM537483]
Found potential hybrid: [LM537494,LM537462,LM537483]
Found potential hybrid: [LM537494,LM537467,LM537490]
Found potential hybrid: [LM537494,LM537467,LM537478]
Found potential hybrid: [LM537494,LM537467,LM537462]
Found potential hybrid: [LM537494,LM537466,LM537490]
Found potential hybrid: [LM537494,LM537466,LM537482]
Found potential hybrid: [LM537494,LM537478,LM537466]
Found potential hybrid: [LM537494,LM537466,LM537462]
Found potential hybrid: [LM537494,LM537465,LM537478]
Found potential hybrid: [LM537494,LM537465,LM537462]
Found potential hybrid: [LM537494,LM537464,LM537490]
Found potential hybrid: [LM537494,LM537464,LM537482]
Found potential hybrid: [LM537494,LM537478,LM537464]
Found potential hybrid: [LM537494,LM537462,LM537464]
Found potential hybrid: [LM537494,LM537463,LM537490]
Found potential hybrid: [LM537494,LM537463,LM537482]
Found potential hybrid: [LM537494,LM537478,LM537463]
Found potential hybrid: [LM537494,LM537462,LM537463]
Found potential hybrid: [LM537494,JN232534,LM537478]
Found potential hybrid: [LM537494,AY259550,LM537478]
Found potential hybrid: [LM537494,AY259550,LM537462]
Found potential hybrid: [LM537493,LM537490,LM537485]
Found potential hybrid: [LM537493,LM537482,LM537485]
Found potential hybrid: [LM537493,LM537478,LM537485]
Found potential hybrid: [LM537493,LM537462,LM537485]
Found potential hybrid: [LM537493,LM537490,LM537484]
Found potential hybrid: [LM537493,LM537482,LM537484]
Found potential hybrid: [LM537493,LM537478,LM537484]
Found potential hybrid: [LM537493,LM537462,LM537484]
Found potential hybrid: [LM537493,LM537490,LM537483]
Found potential hybrid: [LM537493,LM537482,LM537483]
Found potential hybrid: [LM537493,LM537478,LM537483]
Found potential hybrid: [LM537493,LM537462,LM537483]
Found potential hybrid: [LM537493,LM537467,LM537490]
Found potential hybrid: [LM537493,LM537467,LM537478]
Found potential hybrid: [LM537493,LM537467,LM537462]
Found potential hybrid: [LM537493,LM537466,LM537490]
Found potential hybrid: [LM537493,LM537466,LM537482]
Found potential hybrid: [LM537493,LM537478,LM537466]
Found potential hybrid: [LM537493,LM537466,LM537462]
Found potential hybrid: [LM537493,LM537465,LM537478]
Found potential hybrid: [LM537493,LM537465,LM537462]
Found potential hybrid: [LM537493,LM537464,LM537482]
Found potential hybrid: [LM537493,LM537464,LM537490]
Found potential hybrid: [LM537493,LM537478,LM537464]
Found potential hybrid: [LM537493,LM537462,LM537464]
Found potential hybrid: [LM537493,LM537463,LM537490]
Found potential hybrid: [LM537493,LM537463,LM537482]
Found potential hybrid: [LM537493,LM537478,LM537463]
Found potential hybrid: [LM537493,LM537462,LM537463]
Found potential hybrid: [LM537493,JN232534,LM537478]
Found potential hybrid: [LM537493,AY259550,LM537478]
Found potential hybrid: [LM537493,AY259550,LM537462]
Found potential hybrid: [LM537492,LM537490,LM537485]
Found potential hybrid: [LM537492,LM537482,LM537485]
Found potential hybrid: [LM537492,LM537462,LM537485]
Found potential hybrid: [LM537492,LM537490,LM537484]
Found potential hybrid: [LM537492,LM537482,LM537484]
Found potential hybrid: [LM537485,LM537478,LM537492]
Found potential hybrid: [LM537484,LM537478,LM537492]
Found potential hybrid: [LM537492,LM537462,LM537484]
Found potential hybrid: [LM537492,LM537490,LM537483]
Found potential hybrid: [LM537492,LM537482,LM537483]
Found potential hybrid: [LM537483,LM537478,LM537492]
Found potential hybrid: [LM537492,LM537462,LM537483]
Found potential hybrid: [LM537492,LM537467,LM537478]
Found potential hybrid: [LM537492,LM537466,LM537490]
Found potential hybrid: [LM537492,LM537467,LM537462]
Found potential hybrid: [LM537492,LM537466,LM537482]
Found potential hybrid: [LM537492,LM537478,LM537466]
Found potential hybrid: [LM537492,LM537466,LM537462]
Found potential hybrid: [LM537492,LM537464,LM537490]
Found potential hybrid: [LM537492,LM537464,LM537482]
Found potential hybrid: [LM537492,LM537465,LM537478]
Found potential hybrid: [LM537492,LM537465,LM537462]
Found potential hybrid: [LM537492,LM537478,LM537464]
Found potential hybrid: [LM537492,LM537462,LM537464]
Found potential hybrid: [LM537492,LM537463,LM537490]
Found potential hybrid: [LM537492,LM537463,LM537482]
Found potential hybrid: [LM537492,LM537478,LM537463]
Found potential hybrid: [LM537492,LM537462,LM537463]
Found potential hybrid: [LM537492,JN232534,LM537478]
Found potential hybrid: [LM537492,AY259550,LM537478]
Found potential hybrid: [LM537492,AY259550,LM537462]
Found potential hybrid: [LM537491,LM537490,LM537485]
Found potential hybrid: [LM537491,LM537482,LM537485]
Found potential hybrid: [LM537491,LM537462,LM537485]
Found potential hybrid: [LM537491,LM537478,LM537485]
Found potential hybrid: [LM537491,LM537490,LM537484]
Found potential hybrid: [LM537491,LM537482,LM537484]
Found potential hybrid: [LM537491,LM537462,LM537484]
Found potential hybrid: [LM537491,LM537478,LM537484]
Found potential hybrid: [LM537491,LM537482,LM537483]
Found potential hybrid: [LM537491,LM537490,LM537483]
Found potential hybrid: [LM537491,LM537478,LM537483]
Found potential hybrid: [LM537(Amyda cartilaginea,Amyda ornata): 180 / 646
(Amyda cartilaginea,Amyda ornata): 181 / 646
(Amyda cartilaginea,Amyda ornata): 182 / 646
(Amyda cartilaginea,Amyda ornata): 183 / 646
(Amyda cartilaginea,Amyda ornata): 184 / 646
(Amyda cartilaginea,Amyda ornata): 185 / 646
(Amyda cartilaginea,Amyda ornata): 186 / 646
(Amyda cartilaginea,Amyda ornata): 187 / 646
(Amyda cartilaginea,Amyda ornata): 188 / 646
(Amyda cartilaginea,Amyda ornata): 189 / 646
(Amyda cartilaginea,Amyda ornata): 190 / 646
(Amyda cartilaginea,Amyda ornata): 191 / 646
(Amyda cartilaginea,Amyda ornata): 192 / 646
(Amyda cartilaginea,Amyda ornata): 193 / 646
(Amyda cartilaginea,Amyda ornata): 194 / 646
(Amyda cartilaginea,Amyda ornata): 195 / 646
(Amyda cartilaginea,Amyda ornata): 196 / 646
(Amyda cartilaginea,Amyda ornata): 197 / 646
(Amyda cartilaginea,Amyda ornata): 198 / 646
(Amyda cartilaginea,Amyda ornata): 199 / 646
(Amyda cartilaginea,Amyda ornata): 200 / 646
(Amyda cartilaginea,Amyda ornata): 201 / 646
(Amyda cartilaginea,Amyda ornata): 202 / 646
(Amyda cartilaginea,Amyda ornata): 203 / 646
(Amyda cartilaginea,Amyda ornata): 204 / 646
(Amyda cartilaginea,Amyda ornata): 205 / 646
(Amyda cartilaginea,Amyda ornata): 206 / 646
(Amyda cartilaginea,Amyda ornata): 207 / 646
(Amyda cartilaginea,Amyda ornata): 208 / 646
(Amyda cartilaginea,Amyda ornata): 209 / 646
(Amyda cartilaginea,Amyda ornata): 210 / 646
(Amyda cartilaginea,Amyda ornata): 211 / 646
(Amyda cartilaginea,Amyda ornata): 212 / 646
(Amyda cartilaginea,Amyda ornata): 213 / 646
(Amyda cartilaginea,Amyda ornata): 214 / 646
(Amyda cartilaginea,Amyda ornata): 215 / 646
(Amyda cartilaginea,Amyda ornata): 216 / 646
(Amyda cartilaginea,Amyda ornata): 217 / 646
(Amyda cartilaginea,Amyda ornata): 218 / 646
(Amyda cartilaginea,Amyda ornata): 219 / 646
(Amyda cartilaginea,Amyda ornata): 220 / 646
(Amyda cartilaginea,Amyda ornata): 221 / 646
(Amyda cartilaginea,Amyda ornata): 222 / 646
(Amyda cartilaginea,Amyda ornata): 223 / 646
(Amyda cartilaginea,Amyda ornata): 224 / 646
(Amyda cartilaginea,Amyda ornata): 225 / 646
(Amyda cartilaginea,Amyda ornata): 226 / 646
(Amyda cartilaginea,Amyda ornata): 227 / 646
(Amyda cartilaginea,Amyda ornata): 228 / 646
(Amyda cartilaginea,Amyda ornata): 229 / 646
(Amyda cartilaginea,Amyda ornata): 230 / 646
(Amyda cartilaginea,Amyda ornata): 231 / 646
(Amyda cartilaginea,Amyda ornata): 232 / 646
(Amyda cartilaginea,Amyda ornata): 233 / 646
(Amyda cartilaginea,Amyda ornata): 234 / 646
(Amyda cartilaginea,Amyda ornata): 235 / 646
(Amyda cartilaginea,Amyda ornata): 236 / 646
(Amyda cartilaginea,Amyda ornata): 237 / 646
(Amyda cartilaginea,Amyda ornata): 238 / 646
(Amyda cartilaginea,Amyda ornata): 239 / 646
(Amyda cartilaginea,Amyda ornata): 240 / 646
(Amyda cartilaginea,Amyda ornata): 241 / 646
(Amyda cartilaginea,Amyda ornata): 242 / 646
(Amyda cartilaginea,Amyda ornata): 243 / 646
(Amyda cartilaginea,Amyda ornata): 244 / 646
(Amyda cartilaginea,Amyda ornata): 245 / 646
(Amyda cartilaginea,Amyda ornata): 246 / 646
(Amyda cartilaginea,Amyda ornata): 247 / 646
(Amyda cartilaginea,Amyda ornata): 248 / 646
(Amyda cartilaginea,Amyda ornata): 249 / 646
(Amyda cartilaginea,Amyda ornata): 250 / 646
(Amyda cartilaginea,Amyda ornata): 251 / 646
(Amyda cartilaginea,Amyda ornata): 252 / 646
(Amyda cartilaginea,Amyda ornata): 253 / 646
(Amyda cartilaginea,Amyda ornata): 254 / 646
(Amyda cartilaginea,Amyda ornata): 255 / 646
(Amyda cartilaginea,Amyda ornata): 256 / 646
(Amyda cartilaginea,Amyda ornata): 257 / 646
(Amyda cartilaginea,Amyda ornata): 258 / 646
(Amyda cartilaginea,Amyda ornata): 259 / 646
(Amyda cartilaginea,Amyda ornata): 260 / 646
(Amyda cartilaginea,Amyda ornata): 261 / 646
(Amyda cartilaginea,Amyda ornata): 262 / 646
(Amyda cartilaginea,Amyda ornata): 263 / 646
(Amyda cartilaginea,Amyda ornata): 264 / 646
(Amyda cartilaginea,Amyda ornata): 265 / 646
(Amyda cartilaginea,Amyda ornata): 266 / 646
(Amyda cartilaginea,Amyda ornata): 267 / 646
(Amyda cartilaginea,Amyda ornata): 268 / 646
(Amyda cartilaginea,Amyda ornata): 269 / 646
(Amyda cartilaginea,Amyda ornata): 270 / 646
(Amyda cartilaginea,Amyda ornata): 271 / 646
(Amyda cartilaginea,Amyda ornata): 272 / 646
(Amyda cartilaginea,Amyda ornata): 273 / 646
(Amyda cartilaginea,Amyda ornata): 274 / 646
(Amyda cartilaginea,Amyda ornata): 275 / 646
(Amyda cartilaginea,Amyda ornata): 276 / 646
(Amyda cartilaginea,Amyda ornata): 277 / 646
(Amyda cartilaginea,Amyda ornata): 278 / 646
(Amyda cartilaginea,Amyda ornata): 279 / 646
(Amyda cartilaginea,Amyda ornata): 280 / 646
(Amyda cartilaginea,Amyda ornata): 281 / 646
(Amyda cartilaginea,Amyda ornata): 282 / 646
(Amyda cartilaginea,Amyda ornata): 283 / 646
(Amyda cartilaginea,Amyda ornata): 284 / 646
(Amyda cartilaginea,Amyda ornata): 285 / 646
(Amyda cartilaginea,Amyda ornata): 286 / 646
(Amyda cartilaginea,Amyda ornata): 287 / 646
(Amyda cartilaginea,Amyda ornata): 288 / 646
(Amyda cartilaginea,Amyda ornata): 289 / 646
(Amyda cartilaginea,Amyda ornata): 290 / 646
(Amyda cartilaginea,Amyda ornata): 291 / 646
(Amyda cartilaginea,Amyda ornata): 292 / 646
(Amyda cartilaginea,Amyda ornata): 293 / 646
(Amyda cartilaginea,Amyda ornata): 294 / 646
(Amyda cartilaginea,Amyda ornata): 295 / 646
(Amyda cartilaginea,Amyda ornata): 296 / 646
(Amyda cartilaginea,Amyda ornata): 297 / 646
(Amyda cartilaginea,Amyda ornata): 298 / 646
(Amyda cartilaginea,Amyda ornata): 299 / 646
(Amyda cartilaginea,Amyda ornata): 300 / 646
(Amyda cartilaginea,Amyda ornata): 301 / 646
(Amyda cartilaginea,Amyda ornata): 302 / 646
(Amyda cartilaginea,Amyda ornata): 303 / 646
(Amyda cartilaginea,Amyda ornata): 304 / 646
(Amyda cartilaginea,Amyda ornata): 305 / 646
(Amyda cartilaginea,Amyda ornata): 306 / 646
(Amyda cartilaginea,Amyda ornata): 307 / 646
(Amyda cartilaginea,Amyda ornata): 308 / 646
(Amyda cartilaginea,Amyda ornata): 309 / 646
(Amyda cartilaginea,Amyda ornata): 310 / 646
(Amyda cartilaginea,Amyda ornata): 311 / 646
(Amyda cartilaginea,Amyda ornata): 312 / 646
(Amyda cartilaginea,Amyda ornata): 313 / 646
(Amyda cartilaginea,Amyda ornata): 314 / 646
(Amyda cartilaginea,Amyda ornata): 315 / 646
(Amyda cartilaginea,Amyda ornata): 316 / 646
(Amyda cartilaginea,Amyda ornata): 317 / 646
(Amyda cartilaginea,Amyda ornata): 318 / 646
(Amyda cartilaginea,Amyda ornata): 319 / 646
(Amyda cartilaginea,Amyda ornata): 320 / 646
(Amyda cartilaginea,Amyda ornata): 321 / 646
(Amyda cartilaginea,Amyda ornata): 322 / 646
(Amyda cartilaginea,Amyda ornata): 323 / 646
(Amyda cartilaginea,Amyda ornata): 324 / 646
(Amyda cartilaginea,Amyda ornata): 325 / 646
(Amyda cartilaginea,Amyda ornata): 326 / 646
(Amyda cartilaginea,Amyda ornata): 327 / 646
(Amyda cartilaginea,Amyda ornata): 328 / 646
(Amyda cartilaginea,Amyda ornata): 329 / 646
(Amyda cartilaginea,Amyda ornata): 330 / 646
(Amyda cartilaginea,Amyda ornata): 331 / 646
(Amyda cartilaginea,Amyda ornata): 332 / 646
(Amyda cartilaginea,Amyda ornata): 333 / 646
(Amyda cartilaginea,Amyda ornata): 334 / 646
(Amyda cartilaginea,Amyda ornata): 335 / 646
(Amyda cartilaginea,Amyda ornata): 336 / 646
(Amyda cartilaginea,Amyda ornata): 337 / 646
(Amyda cartilaginea,Amyda ornata): 338 / 646
(Amyda cartilaginea,Amyda ornata): 339 / 646
(Amyda cartilaginea,Amyda ornata): 340 / 646
(Amyda cartilaginea,Amyda ornata): 341 / 646
(Amyda cartilaginea,Amyda ornata): 342 / 646
(Amyda cartilaginea,Amyda ornata): 343 / 646
(Amyda cartilaginea,Amyda ornata): 344 / 646
(Amyda cartilaginea,Amyda ornata): 345 / 646
(Amyda cartilaginea,Amyda ornata): 346 / 646
(Amyda cartilaginea,Amyda ornata): 347 / 646
(Amyda cartilaginea,Amyda ornata): 348 / 646
(Amyda cartilaginea,Amyda ornata): 349 / 646
(Amyda cartilaginea,Amyda ornata): 350 / 646
(Amyda cartilaginea,Amyda ornata): 351 / 646
(Amyda cartilaginea,Amyda ornata): 352 / 646
(Amyda cartilaginea,Amyda ornata): 353 / 646
(Amyda cartilaginea,Amyda ornata): 354 / 646
(Amyda cartilaginea,Amyda ornata): 355 / 646
(Amyda cartilaginea,Amyda ornata): 356 / 646
(Amyda cartilaginea,Amyda ornata): 357 / 646
(Amyda cartilaginea,Amyda ornata): 358 / 646
(Amyda cartilaginea,Amyda ornata): 359 / 646
(Amyda cartilaginea,Amyda ornata): 360 / 646
(Amyda cartilaginea,Amyda ornata): 361 / 646
(A491,LM537462,LM537483]
Found potential hybrid: [LM537491,LM537467,LM537490]
Found potential hybrid: [LM537491,LM537467,LM537478]
Found potential hybrid: [LM537491,LM537467,LM537462]
Found potential hybrid: [LM537491,LM537466,LM537482]
Found potential hybrid: [LM537491,LM537466,LM537490]
Found potential hybrid: [LM537491,LM537478,LM537466]
Found potential hybrid: [LM537491,LM537466,LM537462]
Found potential hybrid: [LM537491,LM537465,LM537478]
Found potential hybrid: [LM537491,LM537465,LM537462]
Found potential hybrid: [LM537491,LM537464,LM537490]
Found potential hybrid: [LM537491,LM537464,LM537482]
Found potential hybrid: [LM537491,LM537478,LM537464]
Found potential hybrid: [LM537491,LM537462,LM537464]
Found potential hybrid: [LM537491,LM537463,LM537490]
Found potential hybrid: [LM537491,LM537463,LM537482]
Found potential hybrid: [LM537491,LM537478,LM537463]
Found potential hybrid: [LM537491,LM537462,LM537463]
Found potential hybrid: [LM537491,JN232534,LM537478]
Found potential hybrid: [LM537491,AY259550,LM537478]
Found potential hybrid: [LM537491,AY259550,LM537462]
Found potential hybrid: [LM537485,LM537482,LM537484]
Found potential hybrid: [LM537485,LM537482,LM537483]
Found potential hybrid: [LM537481,LM537490,LM537485]
Found potential hybrid: [LM537481,LM537482,LM537485]
Found potential hybrid: [LM537481,LM537462,LM537485]
Found potential hybrid: [LM537485,LM537478,LM537481]
Found potential hybrid: [LM537480,LM537490,LM537485]
Found potential hybrid: [LM537480,LM537482,LM537485]
Found potential hybrid: [LM537485,LM537478,LM537480]
Found potential hybrid: [LM537480,LM537462,LM537485]
Found potential hybrid: [LM537476,LM537490,LM537485]
Found potential hybrid: [LM537476,LM537482,LM537485]
Found potential hybrid: [LM537485,LM537478,LM537476]
Found potential hybrid: [LM537476,LM537462,LM537485]
Found potential hybrid: [LM537467,LM537490,LM537485]
Found potential hybrid: [LM537467,LM537482,LM537485]
Found potential hybrid: [LM537467,LM537462,LM537485]
Found potential hybrid: [LM537485,LM537478,LM537467]
Found potential hybrid: [LM537466,LM537482,LM537485]
Found potential hybrid: [LM537466,LM537490,LM537485]
Found potential hybrid: [LM537466,LM537462,LM537485]
Found potential hybrid: [LM537485,LM537478,LM537466]
Found potential hybrid: [LM537465,LM537490,LM537485]
Found potential hybrid: [LM537465,LM537482,LM537485]
Found potential hybrid: [LM537485,LM537465,LM537478]
Found potential hybrid: [LM537465,LM537462,LM537485]
Found potential hybrid: [LM537464,LM537490,LM537485]
Found potential hybrid: [LM537464,LM537482,LM537485]
Found potential hybrid: [LM537485,LM537462,LM537464]
Found potential hybrid: [LM537463,LM537490,LM537485]
Found potential hybrid: [LM537463,LM537482,LM537485]
Found potential hybrid: [LM537485,LM537462,LM537463]
Found potential hybrid: [JN232534,LM537490,LM537485]
Found potential hybrid: [JN232534,LM537482,LM537485]
Found potential hybrid: [LM537485,JN232534,LM537478]
Found potential hybrid: [JN232534,LM537462,LM537485]
Found potential hybrid: [AY259550,LM537490,LM537485]
Found potential hybrid: [AY259550,LM537482,LM537485]
Found potential hybrid: [LM537485,AY259550,LM537478]
Found potential hybrid: [AY259550,LM537462,LM537485]
Found potential hybrid: [LM537484,LM537482,LM537483]
Found potential hybrid: [LM537481,LM537490,LM537484]
Found potential hybrid: [LM537481,LM537482,LM537484]
Found potential hybrid: [LM537484,LM537478,LM537481]
Found potential hybrid: [LM537481,LM537462,LM537484]
Found potential hybrid: [LM537480,LM537490,LM537484]
Found potential hybrid: [LM537480,LM537482,LM537484]
Found potential hybrid: [LM537484,LM537478,LM537480]
Found potential hybrid: [LM537480,LM537462,LM537484]
Found potential hybrid: [LM537476,LM537490,LM537484]
Found potential hybrid: [LM537476,LM537482,LM537484]
Found potential hybrid: [LM537484,LM537478,LM537476]
Found potential hybrid: [LM537476,LM537462,LM537484]
Found potential hybrid: [LM537467,LM537482,LM537484]
Found potential hybrid: [LM537467,LM537490,LM537484]
Found potential hybrid: [LM537484,LM537478,LM537467]
Found potential hybrid: [LM537467,LM537462,LM537484]
Found potential hybrid: [LM537466,LM537490,LM537484]
Found potential hybrid: [LM537466,LM537482,LM537484]
Found potential hybrid: [LM537484,LM537478,LM537466]
Found potential hybrid: [LM537466,LM537462,LM537484]
Found potential hybrid: [LM537465,LM537490,LM537484]
Found potential hybrid: [LM537465,LM537482,LM537484]
Found potential hybrid: [LM537484,LM537465,LM537478]
Found potential hybrid: [LM537465,LM537462,LM537484]
Found potential hybrid: [LM537464,LM537490,LM537484]
Found potential hybrid: [LM537464,LM537482,LM537484]
Found potential hybrid: [LM537484,LM537462,LM537464]
Found potential hybrid: [LM537463,LM537482,LM537484]
Found potential hybrid: [LM537463,LM537490,LM537484]
Found potential hybrid: [LM537484,LM537462,LM537463]
Found potential hybrid: [JN232534,LM537482,LM537484]
Found potential hybrid: [JN232534,LM537490,LM537484]
Found potential hybrid: [LM537484,JN232534,LM537478]
Found potential hybrid: [JN232534,LM537462,LM537484]
Found potential hybrid: [AY259550,LM537490,LM537484]
Found potential hybrid: [AY259550,LM537482,LM537484]
Found potential hybrid: [LM537484,AY259550,LM537478]
Found potential hybrid: [AY259550,LM537462,LM537484]
Found potential hybrid: [LM537481,LM537482,LM537483]
Found potential hybrid: [LM537481,LM537490,LM537483]
Found potential hybrid: [LM537481,LM537462,LM537483]
Found potential hybrid: [LM537483,LM537478,LM537481]
Found potential hybrid: [LM537480,LM537482,LM537483]
Found potential hybrid: [LM537480,LM537490,LM537483]
Found potential hybrid: [LM537480,LM537462,LM537483]
Found potential hybrid: [LM537483,LM537478,LM537480]
Found potential hybrid: [LM537476,LM537490,LM537483]
Found potential hybrid: [LM537476,LM537482,LM537483]
Found potential hybrid: [LM537476,LM537462,LM537483]
Found potential hybrid: [LM537483,LM537478,LM537476]
Found potential hybrid: [LM537467,LM537490,LM537483]
Found potential hybrid: [LM537467,LM537482,LM537483]
Found potential hybrid: [LM537467,LM537462,LM537483]
Found potential hybrid: [LM537483,LM537478,LM537467]
Found potential hybrid: [LM537466,LM537490,LM537483]
Found potential hybrid: [LM537466,LM537482,LM537483]
Found potential hybrid: [LM537466,LM537462,LM537483]
Found potential hybrid: [LM537483,LM537478,LM537466]
Found potential hybrid: [LM537465,LM537490,LM537483]
Found potential hybrid: [LM537465,LM537482,LM537483]
Found potential hybrid: [LM537483,LM537465,LM537478]
Found potential hybrid: [LM537465,LM537462,LM537483]
Found potential hybrid: [LM537464,LM537490,LM537483]
Found potential hybrid: [LM537464,LM537482,LM537483]
Found potential hybrid: [LM537483,LM537462,LM537464]
Found potential hybrid: [LM537463,LM537490,LM537483]
Found potential hybrid: [LM537463,LM537482,LM537483]
Found potential hybrid: [LM537483,LM537462,LM537463]
Found potential hybrid: [JN232534,LM537490,LM537483]
Found potential hybrid: [JN232534,LM537482,LM537483]
Found potential hybrid: [JN232534,LM537462,LM537483]
Found potential hybrid: [LM537483,JN232534,LM537478]
Found potential hybrid: [AY259550,LM537490,LM537483]
Found potential hybrid: [AY259550,LM537482,LM537483]
Found potential hybrid: [LM537483,AY259550,LM537478]
Found potential hybrid: [AY259550,LM537462,LM537483]
Found potential hybrid: [LM537481,LM537467,LM537478]
Found potential hybrid: [LM537481,LM537467,LM537462]
Found potential hybrid: [LM537481,LM537466,LM537482]
Found potential hybrid: [LM537481,LM537466,LM537490]
Found potential hybrid: [LM537481,LM537466,LM537462]
Found potential hybrid: [LM537481,LM537478,LM537466]
Found potential hybrid: [LM537481,LM537465,LM537478]
Found potential hybrid: [LM537481,LM537465,LM537462]
Found potential hybrid: [LM537481,LM537464,LM537482]
Found potential hybrid: [LM537481,LM537464,LM537490]
Found potential hybrid: [LM537481,LM537478,LM537464]
Found potential hybrid: [LM537481,LM537462,LM537464]
Found potential hybrid: [LM537481,LM537463,LM537490]
Found potential hybrid: [LM537481,LM537463,LM537482]
Found potential hybrid: [LM537481,LM537462,LM537463]
Found potential hybrid: [LM537481,LM537478,LM537463]
Found potential hybrid: [LM537481,JN232534,LM537478]
Found pmyda cartilaginea,Amyda ornata): 362 / 646
(Amyda cartilaginea,Amyda ornata): 363 / 646
(Amyda cartilaginea,Amyda ornata): 364 / 646
(Amyda cartilaginea,Amyda ornata): 365 / 646
(Amyda cartilaginea,Amyda ornata): 366 / 646
(Amyda cartilaginea,Amyda ornata): 367 / 646
(Amyda cartilaginea,Amyda ornata): 368 / 646
(Amyda cartilaginea,Amyda ornata): 369 / 646
(Amyda cartilaginea,Amyda ornata): 370 / 646
(Amyda cartilaginea,Amyda ornata): 371 / 646
(Amyda cartilaginea,Amyda ornata): 372 / 646
(Amyda cartilaginea,Amyda ornata): 373 / 646
(Amyda cartilaginea,Amyda ornata): 374 / 646
(Amyda cartilaginea,Amyda ornata): 375 / 646
(Amyda cartilaginea,Amyda ornata): 376 / 646
(Amyda cartilaginea,Amyda ornata): 377 / 646
(Amyda cartilaginea,Amyda ornata): 378 / 646
(Amyda cartilaginea,Amyda ornata): 379 / 646
(Amyda cartilaginea,Amyda ornata): 380 / 646
(Amyda cartilaginea,Amyda ornata): 381 / 646
(Amyda cartilaginea,Amyda ornata): 382 / 646
(Amyda cartilaginea,Amyda ornata): 383 / 646
(Amyda cartilaginea,Amyda ornata): 384 / 646
(Amyda cartilaginea,Amyda ornata): 385 / 646
(Amyda cartilaginea,Amyda ornata): 386 / 646
(Amyda cartilaginea,Amyda ornata): 387 / 646
(Amyda cartilaginea,Amyda ornata): 388 / 646
(Amyda cartilaginea,Amyda ornata): 389 / 646
(Amyda cartilaginea,Amyda ornata): 390 / 646
(Amyda cartilaginea,Amyda ornata): 391 / 646
(Amyda cartilaginea,Amyda ornata): 392 / 646
(Amyda cartilaginea,Amyda ornata): 393 / 646
(Amyda cartilaginea,Amyda ornata): 394 / 646
(Amyda cartilaginea,Amyda ornata): 395 / 646
(Amyda cartilaginea,Amyda ornata): 396 / 646
(Amyda cartilaginea,Amyda ornata): 397 / 646
(Amyda cartilaginea,Amyda ornata): 398 / 646
(Amyda cartilaginea,Amyda ornata): 399 / 646
(Amyda cartilaginea,Amyda ornata): 400 / 646
(Amyda cartilaginea,Amyda ornata): 401 / 646
(Amyda cartilaginea,Amyda ornata): 402 / 646
(Amyda cartilaginea,Amyda ornata): 403 / 646
(Amyda cartilaginea,Amyda ornata): 404 / 646
(Amyda cartilaginea,Amyda ornata): 405 / 646
(Amyda cartilaginea,Amyda ornata): 406 / 646
(Amyda cartilaginea,Amyda ornata): 407 / 646
(Amyda cartilaginea,Amyda ornata): 408 / 646
(Amyda cartilaginea,Amyda ornata): 409 / 646
(Amyda cartilaginea,Amyda ornata): 410 / 646
(Amyda cartilaginea,Amyda ornata): 411 / 646
(Amyda cartilaginea,Amyda ornata): 412 / 646
(Amyda cartilaginea,Amyda ornata): 413 / 646
(Amyda cartilaginea,Amyda ornata): 414 / 646
(Amyda cartilaginea,Amyda ornata): 415 / 646
(Amyda cartilaginea,Amyda ornata): 416 / 646
(Amyda cartilaginea,Amyda ornata): 417 / 646
(Amyda cartilaginea,Amyda ornata): 418 / 646
(Amyda cartilaginea,Amyda ornata): 419 / 646
(Amyda cartilaginea,Amyda ornata): 420 / 646
(Amyda cartilaginea,Amyda ornata): 421 / 646
(Amyda cartilaginea,Amyda ornata): 422 / 646
(Amyda cartilaginea,Amyda ornata): 423 / 646
(Amyda cartilaginea,Amyda ornata): 424 / 646
(Amyda cartilaginea,Amyda ornata): 425 / 646
(Amyda cartilaginea,Amyda ornata): 426 / 646
(Amyda cartilaginea,Amyda ornata): 427 / 646
(Amyda cartilaginea,Amyda ornata): 428 / 646
(Amyda cartilaginea,Amyda ornata): 429 / 646
(Amyda cartilaginea,Amyda ornata): 430 / 646
(Amyda cartilaginea,Amyda ornata): 431 / 646
(Amyda cartilaginea,Amyda ornata): 432 / 646
(Amyda cartilaginea,Amyda ornata): 433 / 646
(Amyda cartilaginea,Amyda ornata): 434 / 646
(Amyda cartilaginea,Amyda ornata): 435 / 646
(Amyda cartilaginea,Amyda ornata): 436 / 646
(Amyda cartilaginea,Amyda ornata): 437 / 646
(Amyda cartilaginea,Amyda ornata): 438 / 646
(Amyda cartilaginea,Amyda ornata): 439 / 646
(Amyda cartilaginea,Amyda ornata): 440 / 646
(Amyda cartilaginea,Amyda ornata): 441 / 646
(Amyda cartilaginea,Amyda ornata): 442 / 646
(Amyda cartilaginea,Amyda ornata): 443 / 646
(Amyda cartilaginea,Amyda ornata): 444 / 646
(Amyda cartilaginea,Amyda ornata): 445 / 646
(Amyda cartilaginea,Amyda ornata): 446 / 646
(Amyda cartilaginea,Amyda ornata): 447 / 646
(Amyda cartilaginea,Amyda ornata): 448 / 646
(Amyda cartilaginea,Amyda ornata): 449 / 646
(Amyda cartilaginea,Amyda ornata): 450 / 646
(Amyda cartilaginea,Amyda ornata): 451 / 646
(Amyda cartilaginea,Amyda ornata): 452 / 646
(Amyda cartilaginea,Amyda ornata): 453 / 646
(Amyda cartilaginea,Amyda ornata): 454 / 646
(Amyda cartilaginea,Amyda ornata): 455 / 646
(Amyda cartilaginea,Amyda ornata): 456 / 646
(Amyda cartilaginea,Amyda ornata): 457 / 646
(Amyda cartilaginea,Amyda ornata): 458 / 646
(Amyda cartilaginea,Amyda ornata): 459 / 646
(Amyda cartilaginea,Amyda ornata): 460 / 646
(Amyda cartilaginea,Amyda ornata): 461 / 646
(Amyda cartilaginea,Amyda ornata): 462 / 646
(Amyda cartilaginea,Amyda ornata): 463 / 646
(Amyda cartilaginea,Amyda ornata): 464 / 646
(Amyda cartilaginea,Amyda ornata): 465 / 646
(Amyda cartilaginea,Amyda ornata): 466 / 646
(Amyda cartilaginea,Amyda ornata): 467 / 646
(Amyda cartilaginea,Amyda ornata): 468 / 646
(Amyda cartilaginea,Amyda ornata): 469 / 646
(Amyda cartilaginea,Amyda ornata): 470 / 646
(Amyda cartilaginea,Amyda ornata): 471 / 646
(Amyda cartilaginea,Amyda ornata): 472 / 646
(Amyda cartilaginea,Amyda ornata): 473 / 646
(Amyda cartilaginea,Amyda ornata): 474 / 646
(Amyda cartilaginea,Amyda ornata): 475 / 646
(Amyda cartilaginea,Amyda ornata): 476 / 646
(Amyda cartilaginea,Amyda ornata): 477 / 646
(Amyda cartilaginea,Amyda ornata): 478 / 646
(Amyda cartilaginea,Amyda ornata): 479 / 646
(Amyda cartilaginea,Amyda ornata): 480 / 646
(Amyda cartilaginea,Amyda ornata): 481 / 646
(Amyda cartilaginea,Amyda ornata): 482 / 646
(Amyda cartilaginea,Amyda ornata): 483 / 646
(Amyda cartilaginea,Amyda ornata): 484 / 646
(Amyda cartilaginea,Amyda ornata): 485 / 646
(Amyda cartilaginea,Amyda ornata): 486 / 646
(Amyda cartilaginea,Amyda ornata): 487 / 646
(Amyda cartilaginea,Amyda ornata): 488 / 646
(Amyda cartilaginea,Amyda ornata): 489 / 646
(Amyda cartilaginea,Amyda ornata): 490 / 646
(Amyda cartilaginea,Amyda ornata): 491 / 646
(Amyda cartilaginea,Amyda ornata): 492 / 646
(Amyda cartilaginea,Amyda ornata): 493 / 646
(Amyda cartilaginea,Amyda ornata): 494 / 646
(Amyda cartilaginea,Amyda ornata): 495 / 646
(Amyda cartilaginea,Amyda ornata): 496 / 646
(Amyda cartilaginea,Amyda ornata): 497 / 646
(Amyda cartilaginea,Amyda ornata): 498 / 646
(Amyda cartilaginea,Amyda ornata): 499 / 646
(Amyda cartilaginea,Amyda ornata): 500 / 646
(Amyda cartilaginea,Amyda ornata): 501 / 646
(Amyda cartilaginea,Amyda ornata): 502 / 646
(Amyda cartilaginea,Amyda ornata): 503 / 646
(Amyda cartilaginea,Amyda ornata): 504 / 646
(Amyda cartilaginea,Amyda ornata): 505 / 646
(Amyda cartilaginea,Amyda ornata): 506 / 646
(Amyda cartilaginea,Amyda ornata): 507 / 646
(Amyda cartilaginea,Amyda ornata): 508 / 646
(Amyda cartilaginea,Amyda ornata): 509 / 646
(Amyda cartilaginea,Amyda ornata): 510 / 646
(Amyda cartilaginea,Amyda ornata): 511 / 646
(Amyda cartilaginea,Amyda ornata): 512 / 646
(Amyda cartilaginea,Amyda ornata): 513 / 646
(Amyda cartilaginea,Amyda ornata): 514 / 646
(Amyda cartilaginea,Amyda ornata): 515 / 646
(Amyda cartilaginea,Amyda ornata): 516 / 646
(Amyda cartilaginea,Amyda ornata): 517 / 646
(Amyda cartilaginea,Amyda ornata): 518 / 646
(Amyda cartilaginea,Amyda ornata): 519 / 646
(Amyda cartilaginea,Amyda ornata): 520 / 646
(Amyda cartilaginea,Amyda ornata): 521 / 646
(Amyda cartilaginea,Amyda ornata): 522 / 646
(Amyda cartilaginea,Amyda ornata): 523 / 646
(Amyda cartilaginea,Amyda ornata): 524 / 646
(Amyda cartilaginea,Amyda ornata): 525 / 646
(Amyda cartilaginea,Amyda ornata): 526 / 646
(Amyda cartilaginea,Amyda ornata): 527 / 646
(Amyda cartilaginea,Amyda ornata): 528 / 646
(Amyda cartilaginea,Amyda ornata): 529 / 646
(Amyda cartilaginea,Amyda ornata): 530 / 646
(Amyda cartilaginea,Amyda ornata): 531 / 646
(Amyda cartilaginea,Amyda ornata): 532 / 646
(Amyda cartilaginea,Amyda ornata): 533 / 646
(Amyda cartilaginea,Amyda ornata): 534 / 646
(Amyda cartilaginea,Amyda ornata): 535 / 646
(Amyda cartilaginea,Amyda ornata): 536 / 646
(Amyda cartilaginea,Amyda ornata): 537 / 646
(Amyda cartilaginea,Amyda ornata): 538 / 646
(Amyda cartilaginea,Amyda ornata): 539 / 646
(Amyda cartilaginea,Amyda ornata): 540 / 646
(Amyda cartilaginea,Amyda ornata): 541 / 646
(Amyda cartilaginea,Amyda ornata): 542 / 646
(Amyda cartilaginea,Amyda ornata): 543 / 646
(Amyda cartilaginea,Amyda ornata): 544 / 646
(Amyda cartilaginea,Amyda ornata): 545 / 646
(Amyda cartilaginea,Amyda ornata): 546 / 646
(Amyda cartilaginea,Amyda ornata): 547 / 646
(Amyda cartilaginea,Amyda ornata): 548 / 646
(Amyda cartilaginea,Amyda ornata): 549 / 646
(Amyda cartilaginea,Amyda ornata): 550 / 646
(Amyda cartilaginea,Amyda ornata): 551 / 646
(Amyda cartilaginea,Amyda ornata): 552 / 646
(Amyda cartilaginea,Amyda ornata): 553 / 646
(Amyda cartilaginea,Amyda ornata): 554 / 646
(Amyda cartilaginea,Amyda ornata): 555 / 646
(Amyda cartilaginea,Amyda ornata): 556 / 646
(Amyda cartilaginea,Amyda ornata): 557 / 646
(Amyda cartilaginea,Amyda ornata): 558 / 646
(Amyda cartilaginea,Amyda ornata): 559 / 646
(Amyda cartilaginea,Amyda ornata): 560 / 646
(Amyda cartilaginea,Amyda ornata): 561 / 646
(Amyda cartilaginea,Amyda ornata): 562 / 646
(Amyda cartilaginea,Amyda ornata): 563 / 646
(Amyda cartilaginea,Amyda ornata): 564 / 646
(Amyda cartilaginea,Amyda ornata): 565 / 646
(Amyda cartilaginea,Amyda ornata): 566 / 646
(Amyda cartilaginea,Amyda ornata): 567 / 646
(Amyda cartilaginea,Amyda ornata): 568 / 646
(Amyda cartilaginea,Amyda ornata): 569 / 646
(Amyda cartilaginea,Amyda ornata): 570 / 646
(Amyda cartilaginea,Amyda ornata): 571 / 646
(Amyda cartilaginea,Amyda ornata): 572 / 646
(Amyda cartilaginea,Amyda ornata): 573 / 646
(Amyda cartilaginea,Amyda ornata): 574 / 646
(Amyda cartilaginea,Amyda ornata): 575 / 646
(Amyda cartilaginea,Amyda ornata): 576 / 646
(Amyda cartilaginea,Amyda ornata): 577 / 646
(Amyda cartilaginea,Amyda ornata): 578 / 646
(Amyda cartilaginea,Amyda ornata): 579 / 646
(Amyda cartilaginea,Amyda ornata): 580 / 646
(Amyda cartilaginea,Amyda ornata): 581 / 646
(Amyda cartilaginea,Amyda ornata): 582 / 646
(Amyda cartilaginea,Amyda ornata): 583 / 646
(Amyda cartilaginea,Amyda ornata): 584 / 646
(Amyda cartilaginea,Amyda ornata): 585 / 646
(Amyda cartilaginea,Amyda ornata): 586 / 646
(Amyda cartilaginea,Amyda ornata): 587 / 646
(Amyda cartilaginea,Amyda ornata): 588 / 646
(Amyda cartilaginea,Amyda ornata): 589 / 646
(Amyda cartilaginea,Amyda ornata): 590 / 646
(Amyda cartilaginea,Amyda ornata): 591 / 646
(Amyda cartilaginea,Amyda ornata): 592 / 646
(Amyda cartilaginea,Amyda ornata): 593 / 646
(Amyda cartilaginea,Amyda ornata): 594 / 646
(Amyda cartilaginea,Amyda ornata): 595 / 646
(Amyda cartilaginea,Amyda ornata): 596 / 646
(Amyda cartilaginea,Amyda ornata): 597 / 646
(Amyda cartilaginea,Amyda ornata): 598 / 646
(Amyda cartilaginea,Amyda ornata): 599 / 646
(Amyda cartilaginea,Amyda ornata): 600 / 646
(Amyda cartilaginea,Amyda ornata): 601 / 646
(Amyda cartilaginea,Amyda ornata): 602 / 646
(Amyda cartilaginea,Amyda ornata): 603 / 646
(Amyda cartilaginea,Amyda ornata): 604 / 646
(Amyda cartilaginea,Amyda ornata): 605 / 646
(Amyda cartilaginea,Amyda ornata): 606 / 646
(Amyda cartilaginea,Amyda ornata): 607 / 646
(Amyda cartilaginea,Amyda ornata): 608 / 646
(Amyda cartilaginea,Amyda ornata): 609 / 646
(Amyda cartilaginea,Amyda ornata): 610 / 646
(Amyda cartilaginea,Amyda ornata): 611 / 646
(Amyda cartilaginea,Amyda ornata): 612 / 646
(Amyda cartilaginea,Amyda ornata): 613 / 646
(Amyda cartilaginea,Amyda ornata): 614 / 646
(Amyda cartilaginea,Amyda ornata): 615 / 646
(Amyda cartilaginea,Amyda ornata): 616 / 646
(Amyda cartilaginea,Amyda ornata): 617 / 646
(Amyda cartilaginea,Amyda ornata): 618 / 646
(Amyda cartilaginea,Amyda ornata): 619 / 646
(Amyda cartilaginea,Amyda ornata): 620 / 646
(Amyda cartilaginea,Amyda ornata): 621 / 646
(Amyda cartilaginea,Amyda ornata): 622 / 646
(Amyda cartilaginea,Amyda ornata): 623 / 646
(Amyda cartilaginea,Amyda ornata): 624 / 646
(Amyda cartilaginea,Amyda ornata): 625 / 646
(Amyda cartilaginea,Amyda ornata): 626 / 646
(Amyda cartilaginea,Amyda ornata): 627 / 646
(Amyda cartilaginea,Amyda ornata): 628 / 646
(Amyda cartilaginea,Amyda ornata): 629 / 646
(Amyda cartilaginea,Amyda ornata): 630 / 646
(Amyda cartilaginea,Amyda ornata): 631 / 646
(Amyda cartilaginea,Amyda ornata): 632 / 646
(Amyda cartilaginea,Amyda ornata): 633 / 646
(Amyda cartilaginea,Amyda ornata): 634 / 646
(Amyda cartilaginea,Amyda ornata): 635 / 646
(Amyda cartilaginea,Amyda ornata): 636 / 646
(Amyda cartilaginea,Amyda ornata): 637 / 646
(Amyda cartilaginea,Amyda ornata): 638 / 646
(Amyda cartilaginea,Amyda ornata): 639 / 646
(Amyda cartilaginea,Amyda ornata): 640 / 646
(Amyda cartilaginea,Amyda ornata): 641 / 646
(Amyda cartilaginea,Amyda ornata): 642 / 646
(Amyda cartilaginea,Amyda ornata): 643 / 646
(Amyda cartilaginea,Amyda ornata): 644 / 646
(Amyda cartilaginea,Amyda ornata): 645 / 646
(Amyda cartilaginea,Amyda ornata): 646 / 646
(Amyda ornata,Palea steindachneri): 1 / 16
(Amyda ornata,Palea steindachneri): 2 / 16
(Amyda ornata,Palea steindachneri): 3 / 16
(Amyda ornata,Palea steindachneri): 4 / 16
(Amyda ornata,Palea steindachneri): 5 / 16
(Amyda ornata,Palea steindachneri): 6 / 16
(Amyda ornata,Palea steindachneri): 7 / 16
(Amyda ornata,Palea steindachneri): 8 / 16
(Amyda ornata,Palea steindachneri): 9 / 16
(Amyda ornata,Palea steindachneri): 10 / 16
(Amyda ornata,Palea steindachneri): 11 / 16
(Amyda ornata,Palea steindachneri): 12 / 16
(Amyda ornata,Palea steindachneri): 13 / 16
(Amyda ornata,Palea steindachneri): 14 / 16
(Amyda ornata,Palea steindachneri): 15 / 16
(Amyda ornata,Palea steindachneri): 16 / 16
(Amyda cartilaginea,Palea steindachneri): 1 / 289
(Amyda cartilaginea,Palea steindachneri): 2 / 289
(Amyda cartilaginea,Palea steindachneri): 3 / 289
(Amyda cartilaginea,Palea steindachneri): 4 / 289
(Amyda cartilaginea,Palea steindachneri): 5 / 289
(Amyda cartilaginea,Palea steindachneri): 6 / 289
(Amyda cartilaginea,Palea steindachneri): 7 / 289
(Amyda cartilaginea,Palea steindachneri): 8 / 289
(Amyda cartilaginea,Palea steindachneri): 9 / 289
(Amyda cartilaginea,Palea steindachneri): 10 / 289
(Amyda cartilaginea,Palea steindachneri): 11 / 289
(Amyda cartilaginea,Palea steindachneri): 12 / 289
(Amyda cartilaginea,Palea steindachneri): 13 / 289
(Amyda cartilaginea,Palea steindachneri): 14 / 289
(Amyda cartilaginea,Palea steindachneri): 15 / 289
(Amyda cartilaginea,Palea steindachneri): 16 / 289
(Amyda cartilaginea,Palea steindachneri): 17 / 289
(Amyda cartilaginea,Palea steindachneri): 18 / 289
(Amyda cartilaginea,Palea steindachneri): 19 / 289
(Amyda cartilaginea,Palea steindachneri): 20 / 289
(Amyda cartilaginea,Palea steindachneri): 21 / 289
(Amyda cartilaginea,Palea steindachneri): 22 / 289
(Amyda cartilaginea,Palea steindachneri): 23 / 289
(Amyda cartilaginea,Palea steindachneri): 24 / 289
(Amyda cartilaginea,Palea steindachneri): 25 / 289
(Amyda cartilaginea,Palea steindachneri): 26 / 289
(Amyda cartilaginea,Palea steindachneri): 27 / 289
(Amyda cartilaginea,Palea steindachneri): 28 / 289
(Amyda cartilaginea,Palea steindachneri): 29 / 289
(Amyda cartilaginea,Palea steindachneri): 30 / 289
(Amyda cartilaginea,Palea steindachneri): 31 / 289
(Amyda cartilaginea,Palea steindachneri): 32 / 289
(Amyda cartilaginea,Palea steindachneri): 33 / 289
(Amyda cartilaginea,Palea steindachneri): 34 / 289
(Amyda cartilaginea,Palea steindachneri): 36 / 289
(Amyda cartilaginea,Palea steindachneri): 36 / 289
(Amyda cartilaginea,Palea steindachneri): 37 / 289
(Amyda cartilaginea,Palea steindachneri): 38 / 289
(Amyda cartilaginea,Palea steindachneri): 39 / 289
(Amyda cartilaginea,Palea steindachneri): 40 / 289
(Amyda cartilaginea,Palea steindachneri): 41 / 289
(Amyda cartilaginea,Palea steindachneri): 42 / 289
(Amyda cartilaginea,Palea steindachneri): 43 / 289
(Amyda cartilaginea,Palea steindachneri): 44 / 289
(Amyda cartilaginea,Palea steindachneri): 45 / 289
(Amyda cartilaginea,Palea steindachneri): 46 / 289
(Amyda cartilaginea,Palea steindachneri): 47 / 289
(Amyda cartilaginea,Palea steindachneri): 48 / 289
(Amyda cartilaginea,Palea steindachneri): 49 / 289
(Amyda cartilaginea,Palea steindachneri): 50 / 289
(Amyda cartilaginea,Palea steindachneri): 51 / 289
(Amyda cartilaginea,Palea steindachneri): 52 / 289
(Amyda cartilaginea,Palea steindachneri): 53 / 289
(Amyda cartilaginea,Palea steindachneri): 54 / 289
(Amyda cartilaginea,Palea steindachneri): 55 / 289
(Amyda cartilaginea,Palea steindachneri): 56 / 289
(Amyda cartilagineaotential hybrid: [LM537481,AY259550,LM537478]
Found potential hybrid: [LM537481,AY259550,LM537462]
Found potential hybrid: [LM537480,LM537467,LM537478]
Found potential hybrid: [LM537480,LM537467,LM537462]
Found potential hybrid: [LM537480,LM537466,LM537482]
Found potential hybrid: [LM537480,LM537466,LM537462]
Found potential hybrid: [LM537480,LM537478,LM537466]
Found potential hybrid: [LM537480,LM537465,LM537478]
Found potential hybrid: [LM537480,LM537465,LM537462]
Found potential hybrid: [LM537480,LM537464,LM537490]
Found potential hybrid: [LM537480,LM537464,LM537482]
Found potential hybrid: [LM537480,LM537478,LM537464]
Found potential hybrid: [LM537480,LM537462,LM537464]
Found potential hybrid: [LM537480,LM537463,LM537482]
Found potential hybrid: [LM537480,LM537463,LM537490]
Found potential hybrid: [LM537480,LM537478,LM537463]
Found potential hybrid: [LM537480,LM537462,LM537463]
Found potential hybrid: [LM537480,JN232534,LM537478]
Found potential hybrid: [LM537480,AY259550,LM537478]
Found potential hybrid: [LM537480,AY259550,LM537462]
Found potential hybrid: [LM537476,LM537467,LM537478]
Found potential hybrid: [LM537476,LM537467,LM537462]
Found potential hybrid: [LM537476,LM537466,LM537490]
Found potential hybrid: [LM537476,LM537466,LM537482]
Found potential hybrid: [LM537476,LM537478,LM537466]
Found potential hybrid: [LM537476,LM537466,LM537462]
Found potential hybrid: [LM537476,LM537465,LM537478]
Found potential hybrid: [LM537476,LM537465,LM537462]
Found potential hybrid: [LM537476,LM537464,LM537490]
Found potential hybrid: [LM537476,LM537464,LM537482]
Found potential hybrid: [LM537476,LM537478,LM537464]
Found potential hybrid: [LM537476,LM537462,LM537464]
Found potential hybrid: [LM537476,LM537463,LM537490]
Found potential hybrid: [LM537476,LM537463,LM537482]
Found potential hybrid: [LM537476,LM537478,LM537463]
Found potential hybrid: [LM537476,LM537462,LM537463]
Found potential hybrid: [LM537476,JN232534,LM537478]
Found potential hybrid: [LM537476,AY259550,LM537478]
Found potential hybrid: [LM537476,AY259550,LM537462]
Found potential hybrid: [LM537466,LM537478,LM537467]
Found potential hybrid: [LM537467,LM537490,LM537464]
Found potential hybrid: [LM537467,LM537464,LM537482]
Found potential hybrid: [LM537467,LM537462,LM537464]
Found potential hybrid: [LM537464,LM537467,LM537478]
Found potential hybrid: [LM537467,LM537490,LM537463]
Found potential hybrid: [LM537467,LM537463,LM537482]
Found potential hybrid: [LM537463,LM537467,LM537478]
Found potential hybrid: [LM537467,LM537462,LM537463]
Found potential hybrid: [LM537467,LM537478,JN232534]
Found potential hybrid: [LM537466,LM537478,LM537465]
Found potential hybrid: [LM537466,LM537490,LM537464]
Found potential hybrid: [LM537466,LM537464,LM537482]
Found potential hybrid: [LM537464,LM537478,LM537466]
Found potential hybrid: [LM537466,LM537462,LM537464]
Found potential hybrid: [LM537466,LM537490,LM537463]
Found potential hybrid: [LM537466,LM537463,LM537482]
Found potential hybrid: [LM537463,LM537478,LM537466]
Found potential hybrid: [LM537466,LM537462,LM537463]
Found potential hybrid: [JN232534,LM537478,LM537466]
Found potential hybrid: [LM537466,LM537478,AY259550]
Found potential hybrid: [LM537465,LM537490,LM537464]
Found potential hybrid: [LM537465,LM537464,LM537482]
Found potential hybrid: [LM537464,LM537465,LM537478]
Found potential hybrid: [LM537465,LM537462,LM537464]
Found potential hybrid: [LM537465,LM537490,LM537463]
Found potential hybrid: [LM537465,LM537463,LM537482]
Found potential hybrid: [LM537463,LM537465,LM537478]
Found potential hybrid: [LM537465,LM537462,LM537463]
Found potential hybrid: [LM537465,LM537478,JN232534]
Found potential hybrid: [LM537464,LM537462,LM537463]
Found potential hybrid: [JN232534,LM537490,LM537464]
Found potential hybrid: [JN232534,LM537482,LM537464]
Found potential hybrid: [LM537464,JN232534,LM537478]
Found potential hybrid: [JN232534,LM537462,LM537464]
Found potential hybrid: [AY259550,LM537490,LM537464]
Found potential hybrid: [AY259550,LM537482,LM537464]
Found potential hybrid: [AY259550,LM537462,LM537464]
Found potential hybrid: [LM537464,AY259550,LM537478]
Found potential hybrid: [JN232534,LM537490,LM537463]
Found potential hybrid: [JN232534,LM537482,LM537463]
Found potential hybrid: [JN232534,LM537462,LM537463]
Found potential hybrid: [LM537463,JN232534,LM537478]
Found potential hybrid: [AY259550,LM537490,LM537463]
Found potential hybrid: [AY259550,LM537482,LM537463]
Found potential hybrid: [LM537463,AY259550,LM537478]
Found potential hybrid: [AY259550,LM537462,LM537463]
Found potential hybrid: [JN232534,LM537478,AY259550]
Found potential hybrid: [LM537490,AY743417,LM537478]
Found potential hybrid: [LM537482,AY743417,LM537478]
Found potential hybrid: [LM537462,LM537478,AY743417]
Found potential hybrid: [AY259552,LM537490,AY743417]
Found potential hybrid: [AY259552,LM537482,AY743417]
Found potential hybrid: [AY259552,LM537478,AY743417]
Found potential hybrid: [AY259552,LM537462,AY743417]
Found potential hybrid: [LM537494,LM537481,AY743417]
Found potential hybrid: [LM537494,LM537480,AY743417]
Found potential hybrid: [LM537467,LM537494,AY743417]
Found potential hybrid: [LM537466,LM537494,AY743417]
Found potential hybrid: [LM537465,LM537494,AY743417]
Found potential hybrid: [JN232534,AY743417,LM537494]
Found potential hybrid: [AY259550,LM537494,AY743417]
Found potential hybrid: [LM537493,LM537481,AY743417]
Found potential hybrid: [LM537493,LM537480,AY743417]
Found potential hybrid: [LM537467,LM537493,AY743417]
Found potential hybrid: [LM537466,LM537493,AY743417]
Found potential hybrid: [LM537465,LM537493,AY743417]
Found potential hybrid: [JN232534,AY743417,LM537493]
Found potential hybrid: [AY259550,LM537493,AY743417]
Found potential hybrid: [LM537492,LM537481,AY743417]
Found potential hybrid: [LM537492,LM537480,AY743417]
Found potential hybrid: [LM537467,LM537492,AY743417]
Found potential hybrid: [LM537466,LM537492,AY743417]
Found potential hybrid: [LM537465,LM537492,AY743417]
Found potential hybrid: [LM537464,LM537492,AY743417]
Found potential hybrid: [LM537463,LM537492,AY743417]
Found potential hybrid: [JN232534,AY743417,LM537492]
Found potential hybrid: [AY259550,LM537492,AY743417]
Found potential hybrid: [LM537491,LM537481,AY743417]
Found potential hybrid: [LM537491,LM537480,AY743417]
Found potential hybrid: [LM537467,LM537491,AY743417]
Found potential hybrid: [LM537466,LM537491,AY743417]
Found potential hybrid: [LM537465,LM537491,AY743417]
Found potential hybrid: [JN232534,AY743417,LM537491]
Found potential hybrid: [AY259550,LM537491,AY743417]
Found potential hybrid: [LM537485,LM537481,AY743417]
Found potential hybrid: [LM537485,LM537480,AY743417]
Found potential hybrid: [LM537485,AY743417,LM537467]
Found potential hybrid: [LM537485,LM537466,AY743417]
Found potential hybrid: [LM537485,AY743417,LM537465]
Found potential hybrid: [LM537485,AY743417,JN232534]
Found potential hybrid: [LM537485,AY743417,AY259550]
Found potential hybrid: [LM537484,LM537481,AY743417]
Found potential hybrid: [LM537484,LM537480,AY743417]
Found potential hybrid: [LM537484,AY743417,LM537467]
Found potential hybrid: [LM537484,LM537466,AY743417]
Found potential hybrid: [LM537484,AY743417,LM537465]
Found potential hybrid: [LM537484,AY743417,JN232534]
Found potential hybrid: [LM537484,AY743417,AY259550]
Found potential hybrid: [LM537483,LM537481,AY743417]
Found potential hybrid: [LM537483,LM537480,AY743417]
Found potential hybrid: [LM537483,AY743417,LM537467]
Found potential hybrid: [LM537483,LM537466,AY743417]
Found potential hybrid: [LM537483,AY743417,LM537465]
Found potential hybrid: [LM537483,AY743417,JN232534]
Found potential hybrid: [LM537483,AY743417,AY259550]
Found potential hybrid: [LM537476,LM537481,AY743417]
Found potential hybrid: [LM537467,LM537481,AY743417]
Found potential hybrid: [LM537466,LM537481,AY743417]
Found potential hybrid: [LM537465,LM537481,AY743417]
Found potential hybrid: [LM537464,LM537481,AY743417]
Found potential hybrid: [LM537463,LM537481,AY743417]
Found potential hybrid: [JN232534,AY743417,LM537481]
Found potential hybrid: [AY259550,LM537481,AY743417]
Found potential hybrid: [LM537476,LM537480,AY743417]
Found potential hybrid: [LM537467,LM5,Palea steindachneri): 57 / 289
(Amyda cartilaginea,Palea steindachneri): 58 / 289
(Amyda cartilaginea,Palea steindachneri): 59 / 289
(Amyda cartilaginea,Palea steindachneri): 60 / 289
(Amyda cartilaginea,Palea steindachneri): 61 / 289
(Amyda cartilaginea,Palea steindachneri): 62 / 289
(Amyda cartilaginea,Palea steindachneri): 63 / 289
(Amyda cartilaginea,Palea steindachneri): 64 / 289
(Amyda cartilaginea,Palea steindachneri): 65 / 289
(Amyda cartilaginea,Palea steindachneri): 66 / 289
(Amyda cartilaginea,Palea steindachneri): 67 / 289
(Amyda cartilaginea,Palea steindachneri): 68 / 289
(Amyda cartilaginea,Palea steindachneri): 69 / 289
(Amyda cartilaginea,Palea steindachneri): 70 / 289
(Amyda cartilaginea,Palea steindachneri): 71 / 289
(Amyda cartilaginea,Palea steindachneri): 72 / 289
(Amyda cartilaginea,Palea steindachneri): 73 / 289
(Amyda cartilaginea,Palea steindachneri): 74 / 289
(Amyda cartilaginea,Palea steindachneri): 75 / 289
(Amyda cartilaginea,Palea steindachneri): 76 / 289
(Amyda cartilaginea,Palea steindachneri): 77 / 289
(Amyda cartilaginea,Palea steindachneri): 78 / 289
(Amyda cartilaginea,Palea steindachneri): 79 / 289
(Amyda cartilaginea,Palea steindachneri): 80 / 289
(Amyda cartilaginea,Palea steindachneri): 81 / 289
(Amyda cartilaginea,Palea steindachneri): 82 / 289
(Amyda cartilaginea,Palea steindachneri): 83 / 289
(Amyda cartilaginea,Palea steindachneri): 84 / 289
(Amyda cartilaginea,Palea steindachneri): 85 / 289
(Amyda cartilaginea,Palea steindachneri): 86 / 289
(Amyda cartilaginea,Palea steindachneri): 87 / 289
(Amyda cartilaginea,Palea steindachneri): 88 / 289
(Amyda cartilaginea,Palea steindachneri): 89 / 289
(Amyda cartilaginea,Palea steindachneri): 90 / 289
(Amyda cartilaginea,Palea steindachneri): 91 / 289
(Amyda cartilaginea,Palea steindachneri): 92 / 289
(Amyda cartilaginea,Palea steindachneri): 93 / 289
(Amyda cartilaginea,Palea steindachneri): 94 / 289
(Amyda cartilaginea,Palea steindachneri): 95 / 289
(Amyda cartilaginea,Palea steindachneri): 96 / 289
(Amyda cartilaginea,Palea steindachneri): 97 / 289
(Amyda cartilaginea,Palea steindachneri): 98 / 289
(Amyda cartilaginea,Palea steindachneri): 99 / 289
(Amyda cartilaginea,Palea steindachneri): 100 / 289
(Amyda cartilaginea,Palea steindachneri): 101 / 289
(Amyda cartilaginea,Palea steindachneri): 102 / 289
(Amyda cartilaginea,Palea steindachneri): 103 / 289
(Amyda cartilaginea,Palea steindachneri): 104 / 289
(Amyda cartilaginea,Palea steindachneri): 105 / 289
(Amyda cartilaginea,Palea steindachneri): 106 / 289
(Amyda cartilaginea,Palea steindachneri): 107 / 289
(Amyda cartilaginea,Palea steindachneri): 108 / 289
(Amyda cartilaginea,Palea steindachneri): 109 / 289
(Amyda cartilaginea,Palea steindachneri): 110 / 289
(Amyda cartilaginea,Palea steindachneri): 111 / 289
(Amyda cartilaginea,Palea steindachneri): 112 / 289
(Amyda cartilaginea,Palea steindachneri): 113 / 289
(Amyda cartilaginea,Palea steindachneri): 114 / 289
(Amyda cartilaginea,Palea steindachneri): 115 / 289
(Amyda cartilaginea,Palea steindachneri): 116 / 289
(Amyda cartilaginea,Palea steindachneri): 117 / 289
(Amyda cartilaginea,Palea steindachneri): 118 / 289
(Amyda cartilaginea,Palea steindachneri): 119 / 289
(Amyda cartilaginea,Palea steindachneri): 120 / 289
(Amyda cartilaginea,Palea steindachneri): 121 / 289
(Amyda cartilaginea,Palea steindachneri): 122 / 289
(Amyda cartilaginea,Palea steindachneri): 123 / 289
(Amyda cartilaginea,Palea steindachneri): 124 / 289
(Amyda cartilaginea,Palea steindachneri): 125 / 289
(Amyda cartilaginea,Palea steindachneri): 126 / 289
(Amyda cartilaginea,Palea steindachneri): 127 / 289
(Amyda cartilaginea,Palea steindachneri): 128 / 289
(Amyda cartilaginea,Palea steindachneri): 129 / 289
(Amyda cartilaginea,Palea steindachneri): 130 / 289
(Amyda cartilaginea,Palea steindachneri): 131 / 289
(Amyda cartilaginea,Palea steindachneri): 132 / 289
(Amyda cartilaginea,Palea steindachneri): 133 / 289
(Amyda cartilaginea,Palea steindachneri): 134 / 289
(Amyda cartilaginea,Palea steindachneri): 135 / 289
(Amyda cartilaginea,Palea steindachneri): 136 / 289
(Amyda cartilaginea,Palea steindachneri): 137 / 289
(Amyda cartilaginea,Palea steindachneri): 138 / 289
(Amyda cartilaginea,Palea steindachneri): 139 / 289
(Amyda cartilaginea,Palea steindachneri): 140 / 289
(Amyda cartilaginea,Palea steindachneri): 141 / 289
(Amyda cartilaginea,Palea steindachneri): 142 / 289
(Amyda cartilaginea,Palea steindachneri): 143 / 289
(Amyda cartilaginea,Palea steindachneri): 144 / 289
(Amyda cartilaginea,Palea steindachneri): 145 / 289
(Amyda cartilaginea,Palea steindachneri): 146 / 289
(Amyda cartilaginea,Palea steindachneri): 147 / 289
(Amyda cartilaginea,Palea steindachneri): 148 / 289
(Amyda cartilaginea,Palea steindachneri): 149 / 289
(Amyda cartilaginea,Palea steindachneri): 150 / 289
(Amyda cartilaginea,Palea steindachneri): 151 / 289
(Amyda cartilaginea,Palea steindachneri): 152 / 289
(Amyda cartilaginea,Palea steindachneri): 153 / 289
(Amyda cartilaginea,Palea steindachneri): 154 / 289
(Amyda cartilaginea,Palea steindachneri): 155 / 289
(Amyda cartilaginea,Palea steindachneri): 156 / 289
(Amyda cartilaginea,Palea steindachneri): 157 / 289
(Amyda cartilaginea,Palea steindachneri): 158 / 289
(Amyda cartilaginea,Palea steindachneri): 159 / 289
(Amyda cartilaginea,Palea steindachneri): 160 / 289
(Amyda cartilaginea,Palea steindachneri): 161 / 289
(Amyda cartilaginea,Palea steindachneri): 162 / 289
(Amyda cartilaginea,Palea steindachneri): 163 / 289
(Amyda cartilaginea,Palea steindachneri): 164 / 289
(Amyda cartilaginea,Palea steindachneri): 165 / 289
(Amyda cartilaginea,Palea steindachneri): 166 / 289
(Amyda cartilaginea,Palea steindachneri): 167 / 289
(Amyda cartilaginea,Palea steindachneri): 168 / 289
(Amyda cartilaginea,Palea steindachneri): 169 / 289
(Amyda cartilaginea,Palea steindachneri): 170 / 289
(Amyda cartilaginea,Palea steindachneri): 171 / 289
(Amyda cartilaginea,Palea steindachneri): 172 / 289
(Amyda cartilaginea,Palea steindachneri): 173 / 289
(Amyda cartilaginea,Palea steindachneri): 174 / 289
(Amyda cartilaginea,Palea steindachneri): 175 / 289
(Amyda cartilaginea,Palea steindachneri): 176 / 289
(Amyda cartilaginea,Palea steindachneri): 177 / 289
(Amyda cartilaginea,Palea steindachneri): 178 / 289
(Amyda cartilaginea,Palea steindachneri): 179 / 289
(Amyda cartilaginea,Palea steindachneri): 180 / 289
(Amyda cartilaginea,Palea steindachneri): 181 / 289
(Amyda cartilaginea,Palea steindachneri): 182 / 289
(Amyda cartilaginea,Palea steindachneri): 183 / 289
(Amyda cartilaginea,Palea steindachneri): 184 / 289
(Amyda cartilaginea,Palea steindachneri): 185 / 289
(Amyda cartilaginea,Palea steindachneri): 186 / 289
(Amyda cartilaginea,Palea steindachneri): 187 / 289
(Amyda cartilaginea,Palea steindachneri): 188 / 289
(Amyda cartilaginea,Palea steindachneri): 189 / 289
(Amyda cartilaginea,Palea steindachneri): 190 / 289
(Amyda cartilaginea,Palea steindachneri): 191 / 289
(Amyda cartilaginea,Palea steindachneri): 192 / 289
(Amyda cartilaginea,Palea steindachneri): 193 / 289
(Amyda cartilaginea,Palea steindachneri): 194 / 289
(Amyda cartilaginea,Palea steindachneri): 195 / 289
(Amyda cartilaginea,Palea steindachneri): 196 / 289
(Amyda cartilaginea,Palea steindachneri): 197 / 289
(Amyda cartilaginea,Palea steindachneri): 198 / 289
(Amyda cartilaginea,Palea steindachneri): 199 / 289
(Amyda cartilaginea,Palea steindachneri): 200 / 289
(Amyda cartilaginea,Palea steindachneri): 201 / 289
(Amyda cartilaginea,Palea steindachneri): 202 / 289
(Amyda cartilaginea,Palea steindachneri): 203 / 289
(Amyda cartilaginea,Palea steindachneri): 204 / 289
(Amyda cartilaginea,Palea steindachneri): 205 / 289
(Amyda cartilaginea,Palea steindachneri): 206 / 289
(Amyda cartilaginea,Palea steindachneri): 207 / 289
(Amyda cartilaginea,Palea steindachneri): 208 / 289
(Amyda cartilaginea,Palea steindachneri): 209 / 289
(Amyda cartilaginea,Palea steindachneri): 210 / 289
(Amyda cartilaginea,Palea steindachneri): 211 / 289
(Amyda cartilaginea,Palea steindachneri): 212 / 289
(Amyda cartilaginea,Palea steindachneri): 213 / 289
(Amyda cartilaginea,Palea steindachneri): 214 / 289
(Amyda cartilaginea,Palea steindachner37480,AY743417]
Found potential hybrid: [LM537466,LM537480,AY743417]
Found potential hybrid: [LM537465,LM537480,AY743417]
Found potential hybrid: [LM537464,LM537480,AY743417]
Found potential hybrid: [LM537463,LM537480,AY743417]
Found potential hybrid: [JN232534,AY743417,LM537480]
Found potential hybrid: [AY259550,LM537480,AY743417]
Found potential hybrid: [LM537467,LM537476,AY743417]
Found potential hybrid: [LM537466,LM537476,AY743417]
Found potential hybrid: [LM537465,LM537476,AY743417]
Found potential hybrid: [LM537464,LM537476,AY743417]
Found potential hybrid: [LM537463,LM537476,AY743417]
Found potential hybrid: [JN232534,AY743417,LM537476]
Found potential hybrid: [AY259550,LM537476,AY743417]
Found potential hybrid: [LM537464,AY743417,LM537467]
Found potential hybrid: [LM537463,AY743417,LM537467]
Found potential hybrid: [LM537464,LM537466,AY743417]
Found potential hybrid: [LM537463,LM537466,AY743417]
Found potential hybrid: [LM537464,AY743417,LM537465]
Found potential hybrid: [LM537463,AY743417,LM537465]
Found potential hybrid: [LM537464,AY743417,JN232534]
Found potential hybrid: [LM537464,AY743417,AY259550]
Found potential hybrid: [LM537463,AY743417,JN232534]
Found potential hybrid: [LM537463,AY743417,AY259550]
Found potential hybrid: [AY259552,AY743417,LM537494]
Found potential hybrid: [AY259552,AY743417,LM537493]
Found potential hybrid: [AY259552,AY743417,LM537492]
Found potential hybrid: [AY259552,AY743417,LM537491]
Found potential hybrid: [AY259552,LM537485,AY743417]
Found potential hybrid: [AY259552,LM537484,AY743417]
Found potential hybrid: [AY259552,AY743417,LM537481]
Found potential hybrid: [AY259552,LM537483,AY743417]
Found potential hybrid: [AY259552,AY743417,LM537476]
Found potential hybrid: [AY259552,AY743417,LM537480]
Found potential hybrid: [AY259552,LM537467,AY743417]
Found potential hybrid: [AY259552,AY743417,LM537466]
Found potential hybrid: [AY259552,LM537465,AY743417]
Found potential hybrid: [AY259552,LM537464,AY743417]
Found potential hybrid: [AY259552,JN232534,AY743417]
Found potential hybrid: [AY259552,LM537463,AY743417]
Found potential hybrid: [AY259552,AY259550,AY743417]
i): 215 / 289
(Amyda cartilaginea,Palea steindachneri): 216 / 289
(Amyda cartilaginea,Palea steindachneri): 217 / 289
(Amyda cartilaginea,Palea steindachneri): 218 / 289
(Amyda cartilaginea,Palea steindachneri): 219 / 289
(Amyda cartilaginea,Palea steindachneri): 220 / 289
(Amyda cartilaginea,Palea steindachneri): 221 / 289
(Amyda cartilaginea,Palea steindachneri): 222 / 289
(Amyda cartilaginea,Palea steindachneri): 223 / 289
(Amyda cartilaginea,Palea steindachneri): 224 / 289
(Amyda cartilaginea,Palea steindachneri): 225 / 289
(Amyda cartilaginea,Palea steindachneri): 226 / 289
(Amyda cartilaginea,Palea steindachneri): 227 / 289
(Amyda cartilaginea,Palea steindachneri): 228 / 289
(Amyda cartilaginea,Palea steindachneri): 229 / 289
(Amyda cartilaginea,Palea steindachneri): 230 / 289
(Amyda cartilaginea,Palea steindachneri): 231 / 289
(Amyda cartilaginea,Palea steindachneri): 232 / 289
(Amyda cartilaginea,Palea steindachneri): 233 / 289
(Amyda cartilaginea,Palea steindachneri): 234 / 289
(Amyda cartilaginea,Palea steindachneri): 235 / 289
(Amyda cartilaginea,Palea steindachneri): 236 / 289
(Amyda cartilaginea,Palea steindachneri): 237 / 289
(Amyda cartilaginea,Palea steindachneri): 238 / 289
(Amyda cartilaginea,Palea steindachneri): 239 / 289
(Amyda cartilaginea,Palea steindachneri): 240 / 289
(Amyda cartilaginea,Palea steindachneri): 241 / 289
(Amyda cartilaginea,Palea steindachneri): 242 / 289
(Amyda cartilaginea,Palea steindachneri): 243 / 289
(Amyda cartilaginea,Palea steindachneri): 244 / 289
(Amyda cartilaginea,Palea steindachneri): 245 / 289
(Amyda cartilaginea,Palea steindachneri): 246 / 289
(Amyda cartilaginea,Palea steindachneri): 247 / 289
(Amyda cartilaginea,Palea steindachneri): 248 / 289
(Amyda cartilaginea,Palea steindachneri): 249 / 289
(Amyda cartilaginea,Palea steindachneri): 250 / 289
(Amyda cartilaginea,Palea steindachneri): 251 / 289
(Amyda cartilaginea,Palea steindachneri): 252 / 289
(Amyda cartilaginea,Palea steindachneri): 253 / 289
(Amyda cartilaginea,Palea steindachneri): 254 / 289
(Amyda cartilaginea,Palea steindachneri): 255 / 289
(Amyda cartilaginea,Palea steindachneri): 256 / 289
(Amyda cartilaginea,Palea steindachneri): 257 / 289
(Amyda cartilaginea,Palea steindachneri): 258 / 289
(Amyda cartilaginea,Palea steindachneri): 259 / 289
(Amyda cartilaginea,Palea steindachneri): 260 / 289
(Amyda cartilaginea,Palea steindachneri): 261 / 289
(Amyda cartilaginea,Palea steindachneri): 262 / 289
(Amyda cartilaginea,Palea steindachneri): 263 / 289
(Amyda cartilaginea,Palea steindachneri): 264 / 289
(Amyda cartilaginea,Palea steindachneri): 265 / 289
(Amyda cartilaginea,Palea steindachneri): 266 / 289
(Amyda cartilaginea,Palea steindachneri): 267 / 289
(Amyda cartilaginea,Palea steindachneri): 268 / 289
(Amyda cartilaginea,Palea steindachneri): 269 / 289
(Amyda cartilaginea,Palea steindachneri): 270 / 289
(Amyda cartilaginea,Palea steindachneri): 271 / 289
(Amyda cartilaginea,Palea steindachneri): 272 / 289
(Amyda cartilaginea,Palea steindachneri): 273 / 289
(Amyda cartilaginea,Palea steindachneri): 274 / 289
(Amyda cartilaginea,Palea steindachneri): 275 / 289
(Amyda cartilaginea,Palea steindachneri): 276 / 289
(Amyda cartilaginea,Palea steindachneri): 277 / 289
(Amyda cartilaginea,Palea steindachneri): 278 / 289
(Amyda cartilaginea,Palea steindachneri): 279 / 289
(Amyda cartilaginea,Palea steindachneri): 280 / 289
(Amyda cartilaginea,Palea steindachneri): 281 / 289
(Amyda cartilaginea,Palea steindachneri): 282 / 289
(Amyda cartilaginea,Palea steindachneri): 283 / 289
(Amyda cartilaginea,Palea steindachneri): 284 / 289
(Amyda cartilaginea,Palea steindachneri): 285 / 289
(Amyda cartilaginea,Palea steindachneri): 286 / 289
(Amyda cartilaginea,Palea steindachneri): 287 / 289
(Amyda cartilaginea,Palea steindachneri): 288 / 289
(Amyda cartilaginea,Palea steindachneri): 289 / 289
Task [1 -- test_potential_hybridization] completed processing.

